#
# There is insufficient memory for the Java Runtime Environment to continue.
# Native memory allocation (malloc) failed to allocate 691776 bytes. Error detail: Chunk::new
# Possible reasons:
#   The system is out of physical RAM or swap space
#   This process is running with CompressedOops enabled, and the Java Heap may be blocking the growth of the native heap
# Possible solutions:
#   Reduce memory load on the system
#   Increase physical memory or swap space
#   Check if swap backing store is full
#   Decrease Java heap size (-Xmx/-Xms)
#   Decrease number of Java threads
#   Decrease Java thread stack sizes (-Xss)
#   Set larger code cache with -XX:ReservedCodeCacheSize=
#   JVM is running with Unscaled Compressed Oops mode in which the Java heap is
#     placed in the first 4GB address space. The Java Heap base address is the
#     maximum limit for the native heap growth. Please use -XX:HeapBaseMinAddress
#     to set the Java Heap base and to place the Java Heap above 4GB virtual address.
# This output file may be truncated or incomplete.
#
#  Out of Memory Error (arena.cpp:168), pid=15460, tid=34332
#
# JRE version: OpenJDK Runtime Environment Microsoft-12574459 (21.0.9+10) (build 21.0.9+10-LTS)
# Java VM: OpenJDK 64-Bit Server VM Microsoft-12574459 (21.0.9+10-LTS, mixed mode, sharing, tiered, compressed oops, compressed class ptrs, g1 gc, windows-amd64)
# No core dump will be written. Minidumps are not enabled by default on client versions of Windows
#

---------------  S U M M A R Y ------------

Command Line: -javaagent:C:\Program Files\JetBrains\IntelliJ IDEA 2025.2.4\lib\idea_rt.jar=62788 -Dfile.encoding=UTF-8 -Dsun.stdout.encoding=UTF-8 -Dsun.stderr.encoding=UTF-8 com.myways.automatedtestexecutionframework.AutomatedTestExecutionApplication

Host: 11th Gen Intel(R) Core(TM) i3-1115G4 @ 3.00GHz, 4 cores, 7G,  Windows 11 , 64 bit Build 26100 (10.0.26100.7019)
Time: Sat Dec 13 19:13:51 2025 India Standard Time elapsed time: 3285.338025 seconds (0d 0h 54m 45s)

---------------  T H R E A D  ---------------

Current thread (0x0000027c68ed68d0):  JavaThread "C2 CompilerThread0" daemon [_thread_in_native, id=34332, stack(0x000000f4adc00000,0x000000f4add00000) (1024K)]


Current CompileTask:
C2:3285338 9345       4       java.beans.MethodRef::set (58 bytes)

Stack: [0x000000f4adc00000,0x000000f4add00000]
Native frames: (J=compiled Java code, j=interpreted, Vv=VM code, C=native code)
V  [jvm.dll+0x6df259]  (no source info available)
V  [jvm.dll+0x8bfe4b]  (no source info available)
V  [jvm.dll+0x8c23da]  (no source info available)
V  [jvm.dll+0x8c2ab3]  (no source info available)
V  [jvm.dll+0x28a416]  (no source info available)
V  [jvm.dll+0xc903d]  (no source info available)
V  [jvm.dll+0xc958c]  (no source info available)
V  [jvm.dll+0x30149e]  (no source info available)
V  [jvm.dll+0x608da7]  (no source info available)
V  [jvm.dll+0x25b3d7]  (no source info available)
V  [jvm.dll+0x25376b]  (no source info available)
V  [jvm.dll+0x2515b1]  (no source info available)
V  [jvm.dll+0x1d18cf]  (no source info available)
V  [jvm.dll+0x26138a]  (no source info available)
V  [jvm.dll+0x25f6f5]  (no source info available)
V  [jvm.dll+0x401aad]  (no source info available)
V  [jvm.dll+0x869f7d]  (no source info available)
V  [jvm.dll+0x6e080d]  (no source info available)
C  [ucrtbase.dll+0x37b0]  (no source info available)
C  [KERNEL32.DLL+0x2e8d7]  (no source info available)
C  [ntdll.dll+0x8c53c]  (no source info available)


---------------  P R O C E S S  ---------------

Threads class SMR info:
_java_thread_list=0x0000027c6e07a770, length=78, elements={
0x0000027c68ec0de0, 0x0000027c68ec3930, 0x0000027c68ecbb30, 0x0000027c68ecb4a0,
0x0000027c68ecdc00, 0x0000027c68eccee0, 0x0000027c68ed68d0, 0x0000027c68ee0850,
0x0000027c68ecc1c0, 0x0000027c68ecd570, 0x0000027c68ecc850, 0x0000027c6fe04740,
0x0000027c6fe03a20, 0x0000027c6fe040b0, 0x0000027c6fe04dd0, 0x0000027c6fe05460,
0x0000027c6fe05af0, 0x0000027c6fe03390, 0x0000027c6fe02d00, 0x0000027c6fe02670,
0x0000027c6fe06ea0, 0x0000027c6fe07530, 0x0000027c6fe09600, 0x0000027c6fe06810,
0x0000027c6fe06180, 0x0000027c6fe07bc0, 0x0000027c6fe088e0, 0x0000027c6fe08f70,
0x0000027c6fe08250, 0x0000027c719d16f0, 0x0000027c719d37c0, 0x0000027c719d1d80,
0x0000027c719d2410, 0x0000027c6fe01fe0, 0x0000027c719d2aa0, 0x0000027c719d44e0,
0x0000027c719d1060, 0x0000027c68ece290, 0x0000027c6db69c90, 0x0000027c6db6d110,
0x0000027c6db6b040, 0x0000027c6db6b6d0, 0x0000027c6db6ca80, 0x0000027c6db6d7a0,
0x0000027c6db6a9b0, 0x0000027c6db6f870, 0x0000027c6db70c20, 0x0000027c6db6e4c0,
0x0000027c6db6f1e0, 0x0000027c6db6ff00, 0x0000027c6db6eb50, 0x0000027c6db70590,
0x0000027c6db712b0, 0x0000027c719d3130, 0x0000027c6f4e67d0, 0x0000027c6f4e74f0,
0x0000027c6f4e7b80, 0x0000027c6f4e8f30, 0x0000027c6f4e8210, 0x0000027c6f4e6e60,
0x0000027c6f4e5ab0, 0x0000027c6f4e88a0, 0x0000027c6f4e95c0, 0x0000027c6f4e6140,
0x0000027c6f4eb000, 0x0000027c6f4ec3b0, 0x0000027c6f4ebd20, 0x0000027c6f4ed0d0,
0x0000027c6f4ea970, 0x0000027c6f4ea2e0, 0x0000027c6f4eca40, 0x0000027c6f4eb690,
0x0000027c6f4e9c50, 0x0000027c6db6a320, 0x0000027c7144a570, 0x0000027c71449ee0,
0x0000027c7144e080, 0x0000027c7144ac00
}

Java Threads: ( => current thread )
  0x0000027c68ec0de0 JavaThread "Reference Handler"          daemon [_thread_blocked, id=17808, stack(0x000000f4ad600000,0x000000f4ad700000) (1024K)]
  0x0000027c68ec3930 JavaThread "Finalizer"                  daemon [_thread_blocked, id=34316, stack(0x000000f4ad700000,0x000000f4ad800000) (1024K)]
  0x0000027c68ecbb30 JavaThread "Signal Dispatcher"          daemon [_thread_blocked, id=26028, stack(0x000000f4ad800000,0x000000f4ad900000) (1024K)]
  0x0000027c68ecb4a0 JavaThread "Attach Listener"            daemon [_thread_blocked, id=24016, stack(0x000000f4ad900000,0x000000f4ada00000) (1024K)]
  0x0000027c68ecdc00 JavaThread "Service Thread"             daemon [_thread_blocked, id=11276, stack(0x000000f4ada00000,0x000000f4adb00000) (1024K)]
  0x0000027c68eccee0 JavaThread "Monitor Deflation Thread"   daemon [_thread_blocked, id=29040, stack(0x000000f4adb00000,0x000000f4adc00000) (1024K)]
=>0x0000027c68ed68d0 JavaThread "C2 CompilerThread0"         daemon [_thread_in_native, id=34332, stack(0x000000f4adc00000,0x000000f4add00000) (1024K)]
  0x0000027c68ee0850 JavaThread "C1 CompilerThread0"         daemon [_thread_blocked, id=26236, stack(0x000000f4add00000,0x000000f4ade00000) (1024K)]
  0x0000027c68ecc1c0 JavaThread "Common-Cleaner"             daemon [_thread_blocked, id=40168, stack(0x000000f4ade00000,0x000000f4adf00000) (1024K)]
  0x0000027c68ecd570 JavaThread "Monitor Ctrl-Break"         daemon [_thread_in_native, id=24128, stack(0x000000f4ae000000,0x000000f4ae100000) (1024K)]
  0x0000027c68ecc850 JavaThread "Notification Thread"        daemon [_thread_blocked, id=37040, stack(0x000000f4ae100000,0x000000f4ae200000) (1024K)]
  0x0000027c6fe04740 JavaThread "Catalina-utility-1"                [_thread_blocked, id=16916, stack(0x000000f4ae500000,0x000000f4ae600000) (1024K)]
  0x0000027c6fe03a20 JavaThread "Catalina-utility-2"                [_thread_blocked, id=21996, stack(0x000000f4ae600000,0x000000f4ae700000) (1024K)]
  0x0000027c6fe040b0 JavaThread "container-0"                       [_thread_blocked, id=17008, stack(0x000000f4ae700000,0x000000f4ae800000) (1024K)]
  0x0000027c6fe04dd0 JavaThread "mysql-cj-abandoned-connection-cleanup" daemon [_thread_blocked, id=40904, stack(0x000000f4ae800000,0x000000f4ae900000) (1024K)]
  0x0000027c6fe05460 JavaThread "HikariPool-1 housekeeper"   daemon [_thread_blocked, id=3912, stack(0x000000f4aea00000,0x000000f4aeb00000) (1024K)]
  0x0000027c6fe05af0 JavaThread "http-nio-8080-exec-1"       daemon [_thread_blocked, id=7288, stack(0x000000f4aec00000,0x000000f4aed00000) (1024K)]
  0x0000027c6fe03390 JavaThread "http-nio-8080-exec-2"       daemon [_thread_blocked, id=19656, stack(0x000000f4aed00000,0x000000f4aee00000) (1024K)]
  0x0000027c6fe02d00 JavaThread "http-nio-8080-exec-3"       daemon [_thread_blocked, id=14844, stack(0x000000f4aee00000,0x000000f4aef00000) (1024K)]
  0x0000027c6fe02670 JavaThread "http-nio-8080-exec-4"       daemon [_thread_blocked, id=20968, stack(0x000000f4aef00000,0x000000f4af000000) (1024K)]
  0x0000027c6fe06ea0 JavaThread "http-nio-8080-exec-5"       daemon [_thread_blocked, id=35744, stack(0x000000f4af000000,0x000000f4af100000) (1024K)]
  0x0000027c6fe07530 JavaThread "http-nio-8080-exec-6"       daemon [_thread_blocked, id=26136, stack(0x000000f4af100000,0x000000f4af200000) (1024K)]
  0x0000027c6fe09600 JavaThread "http-nio-8080-exec-7"       daemon [_thread_blocked, id=10768, stack(0x000000f4af200000,0x000000f4af300000) (1024K)]
  0x0000027c6fe06810 JavaThread "http-nio-8080-exec-8"       daemon [_thread_blocked, id=23088, stack(0x000000f4af300000,0x000000f4af400000) (1024K)]
  0x0000027c6fe06180 JavaThread "http-nio-8080-exec-9"       daemon [_thread_blocked, id=32860, stack(0x000000f4af400000,0x000000f4af500000) (1024K)]
  0x0000027c6fe07bc0 JavaThread "http-nio-8080-exec-10"      daemon [_thread_blocked, id=28196, stack(0x000000f4af500000,0x000000f4af600000) (1024K)]
  0x0000027c6fe088e0 JavaThread "http-nio-8080-Poller"       daemon [_thread_in_native, id=2072, stack(0x000000f4af600000,0x000000f4af700000) (1024K)]
  0x0000027c6fe08f70 JavaThread "http-nio-8080-Acceptor"     daemon [_thread_in_native, id=40600, stack(0x000000f4af700000,0x000000f4af800000) (1024K)]
  0x0000027c6fe08250 JavaThread "DestroyJavaVM"                     [_thread_blocked, id=18664, stack(0x000000f4ace00000,0x000000f4acf00000) (1024K)]
  0x0000027c719d16f0 JavaThread "pool-1-thread-1"                   [_thread_blocked, id=3336, stack(0x000000f4acb00000,0x000000f4acc00000) (1024K)]
  0x0000027c719d37c0 JavaThread "pool-1-thread-2"                   [_thread_blocked, id=38176, stack(0x000000f4acc00000,0x000000f4acd00000) (1024K)]
  0x0000027c719d1d80 JavaThread "pool-1-thread-3"                   [_thread_blocked, id=39232, stack(0x000000f4acd00000,0x000000f4ace00000) (1024K)]
  0x0000027c719d2410 JavaThread "ForkJoinPool.commonPool-worker-1" daemon [_thread_blocked, id=35704, stack(0x000000f4adf00000,0x000000f4ae000000) (1024K)]
  0x0000027c6fe01fe0 JavaThread "UrlChecker-2"               daemon [_thread_blocked, id=8348, stack(0x000000f4afb00000,0x000000f4afc00000) (1024K)]
  0x0000027c719d2aa0 JavaThread "pool-2-thread-1"                   [_thread_blocked, id=12924, stack(0x000000f4af800000,0x000000f4af900000) (1024K)]
  0x0000027c719d44e0 JavaThread "pool-2-thread-2"                   [_thread_blocked, id=16988, stack(0x000000f4af900000,0x000000f4afa00000) (1024K)]
  0x0000027c719d1060 JavaThread "pool-2-thread-3"                   [_thread_blocked, id=34028, stack(0x000000f4afa00000,0x000000f4afb00000) (1024K)]
  0x0000027c68ece290 JavaThread "pool-2-thread-4"                   [_thread_in_Java, id=29632, stack(0x000000f4afc00000,0x000000f4afd00000) (1024K)]
  0x0000027c6db69c90 JavaThread "HttpClient-3-SelectorManager" daemon [_thread_in_native, id=37196, stack(0x000000f4aeb00000,0x000000f4aec00000) (1024K)]
  0x0000027c6db6d110 JavaThread "External Process Output Forwarder - C:\Users\HP\.cache\selenium\chromedriver\win64\143.0.7499.42\chromedriver.exe" daemon [_thread_in_native, id=33676, stack(0x000000f4afe00000,0x000000f4aff00000) (1024K)]
  0x0000027c6db6b040 JavaThread "Driver Service Executor"    daemon [_thread_blocked, id=29624, stack(0x000000f4aff00000,0x000000f4b0000000) (1024K)]
  0x0000027c6db6b6d0 JavaThread "Driver Service Executor"    daemon [_thread_in_native, id=18340, stack(0x000000f4b0000000,0x000000f4b0100000) (1024K)]
  0x0000027c6db6ca80 JavaThread "HttpClient-4-SelectorManager" daemon [_thread_in_native, id=15444, stack(0x000000f4b0100000,0x000000f4b0200000) (1024K)]
  0x0000027c6db6d7a0 JavaThread "HttpClient-5-SelectorManager" daemon [_thread_in_native, id=36588, stack(0x000000f4b0200000,0x000000f4b0300000) (1024K)]
  0x0000027c6db6a9b0 JavaThread "External Process Output Forwarder - C:\Users\HP\.cache\selenium\chromedriver\win64\143.0.7499.42\chromedriver.exe" daemon [_thread_in_native, id=22496, stack(0x000000f4b0300000,0x000000f4b0400000) (1024K)]
  0x0000027c6db6f870 JavaThread "Driver Service Executor"    daemon [_thread_blocked, id=2560, stack(0x000000f4b0400000,0x000000f4b0500000) (1024K)]
  0x0000027c6db70c20 JavaThread "Driver Service Executor"    daemon [_thread_in_native, id=37900, stack(0x000000f4b0500000,0x000000f4b0600000) (1024K)]
  0x0000027c6db6e4c0 JavaThread "UrlChecker-3"               daemon [_thread_blocked, id=11236, stack(0x000000f4b0600000,0x000000f4b0700000) (1024K)]
  0x0000027c6db6f1e0 JavaThread "External Process Output Forwarder - C:\Users\HP\.cache\selenium\chromedriver\win64\143.0.7499.42\chromedriver.exe" daemon [_thread_in_native, id=15348, stack(0x000000f4b0700000,0x000000f4b0800000) (1024K)]
  0x0000027c6db6ff00 JavaThread "Driver Service Executor"    daemon [_thread_blocked, id=10996, stack(0x000000f4b0800000,0x000000f4b0900000) (1024K)]
  0x0000027c6db6eb50 JavaThread "Driver Service Executor"    daemon [_thread_in_native, id=21052, stack(0x000000f4b0900000,0x000000f4b0a00000) (1024K)]
  0x0000027c6db70590 JavaThread "UrlChecker-4"               daemon [_thread_blocked, id=34776, stack(0x000000f4b0a00000,0x000000f4b0b00000) (1024K)]
  0x0000027c6db712b0 JavaThread "Keep-Alive-Timer"           daemon [_thread_blocked, id=28304, stack(0x000000f4b0b00000,0x000000f4b0c00000) (1024K)]
  0x0000027c719d3130 JavaThread "JdkHttpClient-2-0"          daemon [_thread_blocked, id=21116, stack(0x000000f4b0c00000,0x000000f4b0d00000) (1024K)]
  0x0000027c6f4e67d0 JavaThread "JdkHttpClient-4-0"          daemon [_thread_blocked, id=40468, stack(0x000000f4b0d00000,0x000000f4b0e00000) (1024K)]
  0x0000027c6f4e74f0 JavaThread "JdkHttpClient-2-1"          daemon [_thread_blocked, id=27552, stack(0x000000f4b0e00000,0x000000f4b0f00000) (1024K)]
  0x0000027c6f4e7b80 JavaThread "JdkHttpClient-2-2"          daemon [_thread_blocked, id=39672, stack(0x000000f4b0f00000,0x000000f4b1000000) (1024K)]
  0x0000027c6f4e8f30 JavaThread "JdkHttpClient-4-1"          daemon [_thread_blocked, id=34708, stack(0x000000f4b1000000,0x000000f4b1100000) (1024K)]
  0x0000027c6f4e8210 JavaThread "JdkHttpClient-3-0"          daemon [_thread_blocked, id=37752, stack(0x000000f4b1100000,0x000000f4b1200000) (1024K)]
  0x0000027c6f4e6e60 JavaThread "JdkHttpClient-3-1"          daemon [_thread_blocked, id=34160, stack(0x000000f4b1200000,0x000000f4b1300000) (1024K)]
  0x0000027c6f4e5ab0 JavaThread "JdkHttpClient-3-2"          daemon [_thread_blocked, id=27056, stack(0x000000f4b1300000,0x000000f4b1400000) (1024K)]
  0x0000027c6f4e88a0 JavaThread "ForkJoinPool.commonPool-worker-2" daemon [_thread_blocked, id=31480, stack(0x000000f4afd00000,0x000000f4afe00000) (1024K)]
  0x0000027c6f4e95c0 JavaThread "pool-3-thread-1"                   [_thread_in_vm, id=40016, stack(0x000000f4b1400000,0x000000f4b1500000) (1024K)]
  0x0000027c6f4e6140 JavaThread "pool-3-thread-2"                   [_thread_in_Java, id=23704, stack(0x000000f4b1500000,0x000000f4b1600000) (1024K)]
  0x0000027c6f4eb000 JavaThread "pool-3-thread-3"                   [_thread_in_native, id=18088, stack(0x000000f4b1600000,0x000000f4b1700000) (1024K)]
  0x0000027c6f4ec3b0 JavaThread "pool-3-thread-4"                   [_thread_in_Java, id=3172, stack(0x000000f4b1700000,0x000000f4b1800000) (1024K)]
  0x0000027c6f4ebd20 JavaThread "HttpClient-6-SelectorManager" daemon [_thread_in_native, id=21976, stack(0x000000f4b1800000,0x000000f4b1900000) (1024K)]
  0x0000027c6f4ed0d0 JavaThread "JdkHttpClient-5-0"          daemon [_thread_blocked, id=19028, stack(0x000000f4b1900000,0x000000f4b1a00000) (1024K)]
  0x0000027c6f4ea970 JavaThread "HttpClient-7-SelectorManager" daemon [_thread_in_native, id=15212, stack(0x000000f4b1a00000,0x000000f4b1b00000) (1024K)]
  0x0000027c6f4ea2e0 JavaThread "JdkHttpClient-6-0"          daemon [_thread_blocked, id=40232, stack(0x000000f4b1b00000,0x000000f4b1c00000) (1024K)]
  0x0000027c6f4eca40 JavaThread "HttpClient-8-SelectorManager" daemon [_thread_in_native, id=11268, stack(0x000000f4b1c00000,0x000000f4b1d00000) (1024K)]
  0x0000027c6f4eb690 JavaThread "JdkHttpClient-7-0"          daemon [_thread_blocked, id=22780, stack(0x000000f4b1d00000,0x000000f4b1e00000) (1024K)]
  0x0000027c6f4e9c50 JavaThread "JdkHttpClient-5-1"          daemon [_thread_blocked, id=19980, stack(0x000000f4b1e00000,0x000000f4b1f00000) (1024K)]
  0x0000027c6db6a320 JavaThread "JdkHttpClient-6-1"          daemon [_thread_blocked, id=20940, stack(0x000000f4b1f00000,0x000000f4b2000000) (1024K)]
  0x0000027c7144a570 JavaThread "JdkHttpClient-7-1"          daemon [_thread_blocked, id=12856, stack(0x000000f4b2000000,0x000000f4b2100000) (1024K)]
  0x0000027c71449ee0 JavaThread "JdkHttpClient-5-2"          daemon [_thread_new, id=40872, stack(0x0000000000000000,0x0000000000000000) (0B)]
  0x0000027c7144e080 JavaThread "JdkHttpClient-6-2"          daemon [_thread_blocked, id=33344, stack(0x000000f4b2200000,0x000000f4b2300000) (1024K)]
  0x0000027c7144ac00 JavaThread "JdkHttpClient-7-2"          daemon [_thread_new, id=35968, stack(0x0000000000000000,0x0000000000000000) (0B)]
Total: 78

Other Threads:
  0x0000027c68ea4e80 VMThread "VM Thread"                           [id=28268, stack(0x000000f4ad500000,0x000000f4ad600000) (1024K)]
  0x0000027c68e91a50 WatcherThread "VM Periodic Task Thread"        [id=23928, stack(0x000000f4ad400000,0x000000f4ad500000) (1024K)]
  0x0000027c4cce1e50 WorkerThread "GC Thread#0"                     [id=40556, stack(0x000000f4acf00000,0x000000f4ad000000) (1024K)]
  0x0000027c6d8ec1a0 WorkerThread "GC Thread#1"                     [id=22764, stack(0x000000f4ae200000,0x000000f4ae300000) (1024K)]
  0x0000027c6da48ba0 WorkerThread "GC Thread#2"                     [id=35696, stack(0x000000f4ae300000,0x000000f4ae400000) (1024K)]
  0x0000027c6da48f40 WorkerThread "GC Thread#3"                     [id=23404, stack(0x000000f4ae400000,0x000000f4ae500000) (1024K)]
  0x0000027c4ccf2330 ConcurrentGCThread "G1 Main Marker"            [id=16636, stack(0x000000f4ad000000,0x000000f4ad100000) (1024K)]
  0x0000027c4ccf3cb0 WorkerThread "G1 Conc#0"                       [id=41876, stack(0x000000f4ad100000,0x000000f4ad200000) (1024K)]
  0x0000027c68d61160 ConcurrentGCThread "G1 Refine#0"               [id=28868, stack(0x000000f4ad200000,0x000000f4ad300000) (1024K)]
  0x0000027c68d62a90 ConcurrentGCThread "G1 Service"                [id=38172, stack(0x000000f4ad300000,0x000000f4ad400000) (1024K)]
Total: 10

Threads with active compile tasks:
C2 CompilerThread0  3285415 9345       4       java.beans.MethodRef::set (58 bytes)
Total: 1

VM state: not at safepoint (normal execution)

VM Mutex/Monitor currently owned by a thread: None

OutOfMemory and StackOverflow Exception counts:
OutOfMemoryError java_heap_errors=1
LinkageErrors=177

Heap address: 0x0000000085800000, size: 1960 MB, Compressed Oops mode: 32-bit

CDS archive(s) mapped at: [0x0000027c00000000-0x0000027c00c80000-0x0000027c00c80000), size 13107200, SharedBaseAddress: 0x0000027c00000000, ArchiveRelocationMode: 1.
Compressed class space mapped at: 0x0000027c01000000-0x0000027c41000000, reserved size: 1073741824
Narrow klass base: 0x0000027c00000000, Narrow klass shift: 0, Narrow klass range: 0x100000000

GC Precious Log:
 CardTable entry size: 512
 Card Set container configuration: InlinePtr #cards 5 size 8 Array Of Cards #cards 12 size 40 Howl #buckets 4 coarsen threshold 1843 Howl Bitmap #cards 512 size 80 coarsen threshold 460 Card regions per heap region 1 cards per card region 2048
 CPUs: 4 total, 4 available
 Memory: 7835M
 Large Page Support: Disabled
 NUMA Support: Disabled
 Compressed Oops: Enabled (32-bit)
 Heap Region Size: 1M
 Heap Min Capacity: 8M
 Heap Initial Capacity: 124M
 Heap Max Capacity: 1960M
 Pre-touch: Disabled
 Parallel Workers: 4
 Concurrent Workers: 1
 Concurrent Refinement Workers: 4
 Periodic GC: Disabled

Heap:
 garbage-first heap   total 91136K, used 65680K [0x0000000085800000, 0x0000000100000000)
  region size 1024K, 16 young (16384K), 2 survivors (2048K)
 Metaspace       used 90984K, committed 91904K, reserved 1179648K
  class space    used 12098K, committed 12544K, reserved 1048576K

Heap Regions: E=young(eden), S=young(survivor), O=old, HS=humongous(starts), HC=humongous(continues), CS=collection set, F=free, TAMS=top-at-mark-start, PB=parsable bottom
|   0|0x0000000085800000, 0x0000000085900000, 0x0000000085900000|100%|HS|  |TAMS 0x0000000085800000| PB 0x0000000085800000| Complete 
|   1|0x0000000085900000, 0x0000000085a00000, 0x0000000085a00000|100%| O|  |TAMS 0x0000000085900000| PB 0x0000000085900000| Untracked 
|   2|0x0000000085a00000, 0x0000000085b00000, 0x0000000085b00000|100%| O|  |TAMS 0x0000000085a00000| PB 0x0000000085a00000| Untracked 
|   3|0x0000000085b00000, 0x0000000085c00000, 0x0000000085c00000|100%| O|  |TAMS 0x0000000085b00000| PB 0x0000000085b00000| Untracked 
|   4|0x0000000085c00000, 0x0000000085d00000, 0x0000000085d00000|100%| O|  |TAMS 0x0000000085c00000| PB 0x0000000085c00000| Untracked 
|   5|0x0000000085d00000, 0x0000000085e00000, 0x0000000085e00000|100%| O|  |TAMS 0x0000000085d00000| PB 0x0000000085d00000| Untracked 
|   6|0x0000000085e00000, 0x0000000085f00000, 0x0000000085f00000|100%| O|  |TAMS 0x0000000085e00000| PB 0x0000000085e00000| Untracked 
|   7|0x0000000085f00000, 0x0000000086000000, 0x0000000086000000|100%| O|  |TAMS 0x0000000085f00000| PB 0x0000000085f00000| Untracked 
|   8|0x0000000086000000, 0x0000000086100000, 0x0000000086100000|100%| O|  |TAMS 0x0000000086000000| PB 0x0000000086000000| Untracked 
|   9|0x0000000086100000, 0x0000000086200000, 0x0000000086200000|100%| O|  |TAMS 0x0000000086100000| PB 0x0000000086100000| Untracked 
|  10|0x0000000086200000, 0x0000000086300000, 0x0000000086300000|100%| O|  |TAMS 0x0000000086200000| PB 0x0000000086200000| Untracked 
|  11|0x0000000086300000, 0x0000000086400000, 0x0000000086400000|100%| O|  |TAMS 0x0000000086300000| PB 0x0000000086300000| Untracked 
|  12|0x0000000086400000, 0x0000000086500000, 0x0000000086500000|100%| O|  |TAMS 0x0000000086400000| PB 0x0000000086400000| Untracked 
|  13|0x0000000086500000, 0x0000000086600000, 0x0000000086600000|100%| O|  |TAMS 0x0000000086500000| PB 0x0000000086500000| Untracked 
|  14|0x0000000086600000, 0x0000000086700000, 0x0000000086700000|100%| O|  |TAMS 0x0000000086600000| PB 0x0000000086600000| Untracked 
|  15|0x0000000086700000, 0x0000000086800000, 0x0000000086800000|100%| O|  |TAMS 0x0000000086700000| PB 0x0000000086700000| Untracked 
|  16|0x0000000086800000, 0x0000000086900000, 0x0000000086900000|100%| O|  |TAMS 0x0000000086800000| PB 0x0000000086800000| Untracked 
|  17|0x0000000086900000, 0x0000000086a00000, 0x0000000086a00000|100%| O|  |TAMS 0x0000000086900000| PB 0x0000000086900000| Untracked 
|  18|0x0000000086a00000, 0x0000000086b00000, 0x0000000086b00000|100%| O|  |TAMS 0x0000000086a00000| PB 0x0000000086a00000| Untracked 
|  19|0x0000000086b00000, 0x0000000086c00000, 0x0000000086c00000|100%| O|  |TAMS 0x0000000086b00000| PB 0x0000000086b00000| Untracked 
|  20|0x0000000086c00000, 0x0000000086d00000, 0x0000000086d00000|100%| O|  |TAMS 0x0000000086c00000| PB 0x0000000086c00000| Untracked 
|  21|0x0000000086d00000, 0x0000000086e00000, 0x0000000086e00000|100%| O|  |TAMS 0x0000000086d00000| PB 0x0000000086d00000| Untracked 
|  22|0x0000000086e00000, 0x0000000086f00000, 0x0000000086f00000|100%| O|  |TAMS 0x0000000086e00000| PB 0x0000000086e00000| Untracked 
|  23|0x0000000086f00000, 0x0000000087000000, 0x0000000087000000|100%| O|  |TAMS 0x0000000086f00000| PB 0x0000000086f00000| Untracked 
|  24|0x0000000087000000, 0x0000000087100000, 0x0000000087100000|100%| O|  |TAMS 0x0000000087000000| PB 0x0000000087000000| Untracked 
|  25|0x0000000087100000, 0x0000000087200000, 0x0000000087200000|100%| O|  |TAMS 0x0000000087100000| PB 0x0000000087100000| Untracked 
|  26|0x0000000087200000, 0x0000000087300000, 0x0000000087300000|100%| O|  |TAMS 0x0000000087200000| PB 0x0000000087200000| Untracked 
|  27|0x0000000087300000, 0x0000000087400000, 0x0000000087400000|100%| O|Cm|TAMS 0x0000000087300000| PB 0x0000000087300000| Complete 
|  28|0x0000000087400000, 0x0000000087500000, 0x0000000087500000|100%| O|  |TAMS 0x0000000087400000| PB 0x0000000087400000| Untracked 
|  29|0x0000000087500000, 0x0000000087600000, 0x0000000087600000|100%| O|  |TAMS 0x0000000087500000| PB 0x0000000087500000| Untracked 
|  30|0x0000000087600000, 0x0000000087700000, 0x0000000087700000|100%| O|  |TAMS 0x0000000087600000| PB 0x0000000087600000| Untracked 
|  31|0x0000000087700000, 0x0000000087800000, 0x0000000087800000|100%| O|  |TAMS 0x0000000087700000| PB 0x0000000087700000| Untracked 
|  32|0x0000000087800000, 0x0000000087900000, 0x0000000087900000|100%| O|  |TAMS 0x0000000087800000| PB 0x0000000087800000| Untracked 
|  33|0x0000000087900000, 0x0000000087a00000, 0x0000000087a00000|100%| O|  |TAMS 0x0000000087900000| PB 0x0000000087900000| Untracked 
|  34|0x0000000087a00000, 0x0000000087b00000, 0x0000000087b00000|100%| O|  |TAMS 0x0000000087a00000| PB 0x0000000087a00000| Untracked 
|  35|0x0000000087b00000, 0x0000000087c00000, 0x0000000087c00000|100%| O|  |TAMS 0x0000000087b00000| PB 0x0000000087b00000| Untracked 
|  36|0x0000000087c00000, 0x0000000087d00000, 0x0000000087d00000|100%| O|  |TAMS 0x0000000087c00000| PB 0x0000000087c00000| Untracked 
|  37|0x0000000087d00000, 0x0000000087e00000, 0x0000000087e00000|100%| O|Cm|TAMS 0x0000000087d00000| PB 0x0000000087d00000| Complete 
|  38|0x0000000087e00000, 0x0000000087f00000, 0x0000000087f00000|100%| O|  |TAMS 0x0000000087e00000| PB 0x0000000087e00000| Untracked 
|  39|0x0000000087f00000, 0x0000000088000000, 0x0000000088000000|100%| O|Cm|TAMS 0x0000000087f00000| PB 0x0000000087f00000| Complete 
|  40|0x0000000088000000, 0x0000000088100000, 0x0000000088100000|100%| O|  |TAMS 0x0000000088000000| PB 0x0000000088000000| Untracked 
|  41|0x0000000088100000, 0x0000000088200000, 0x0000000088200000|100%| O|  |TAMS 0x0000000088100000| PB 0x0000000088100000| Untracked 
|  42|0x0000000088200000, 0x0000000088300000, 0x0000000088300000|100%| O|  |TAMS 0x0000000088200000| PB 0x0000000088200000| Untracked 
|  43|0x0000000088300000, 0x0000000088400000, 0x0000000088400000|100%| O|  |TAMS 0x0000000088300000| PB 0x0000000088300000| Untracked 
|  44|0x0000000088400000, 0x0000000088500000, 0x0000000088500000|100%| O|  |TAMS 0x0000000088400000| PB 0x0000000088400000| Untracked 
|  45|0x0000000088500000, 0x0000000088600000, 0x0000000088600000|100%| O|Cm|TAMS 0x0000000088500000| PB 0x0000000088500000| Complete 
|  46|0x0000000088600000, 0x0000000088600000, 0x0000000088700000|  0%| F|  |TAMS 0x0000000088600000| PB 0x0000000088600000| Untracked 
|  47|0x0000000088700000, 0x0000000088700000, 0x0000000088800000|  0%| F|  |TAMS 0x0000000088700000| PB 0x0000000088700000| Untracked 
|  48|0x0000000088800000, 0x0000000088800000, 0x0000000088900000|  0%| F|  |TAMS 0x0000000088800000| PB 0x0000000088800000| Untracked 
|  49|0x0000000088900000, 0x0000000088971ad0, 0x0000000088a00000| 44%| O|  |TAMS 0x0000000088900000| PB 0x0000000088900000| Untracked 
|  50|0x0000000088a00000, 0x0000000088a00000, 0x0000000088b00000|  0%| F|  |TAMS 0x0000000088a00000| PB 0x0000000088a00000| Untracked 
|  51|0x0000000088b00000, 0x0000000088b00000, 0x0000000088c00000|  0%| F|  |TAMS 0x0000000088b00000| PB 0x0000000088b00000| Untracked 
|  52|0x0000000088c00000, 0x0000000088cb2890, 0x0000000088d00000| 69%| S|CS|TAMS 0x0000000088c00000| PB 0x0000000088c00000| Complete 
|  53|0x0000000088d00000, 0x0000000088e00000, 0x0000000088e00000|100%| S|CS|TAMS 0x0000000088d00000| PB 0x0000000088d00000| Complete 
|  54|0x0000000088e00000, 0x0000000088e00000, 0x0000000088f00000|  0%| F|  |TAMS 0x0000000088e00000| PB 0x0000000088e00000| Untracked 
|  55|0x0000000088f00000, 0x0000000088f00000, 0x0000000089000000|  0%| F|  |TAMS 0x0000000088f00000| PB 0x0000000088f00000| Untracked 
|  56|0x0000000089000000, 0x0000000089000000, 0x0000000089100000|  0%| F|  |TAMS 0x0000000089000000| PB 0x0000000089000000| Untracked 
|  57|0x0000000089100000, 0x0000000089100000, 0x0000000089200000|  0%| F|  |TAMS 0x0000000089100000| PB 0x0000000089100000| Untracked 
|  58|0x0000000089200000, 0x0000000089200000, 0x0000000089300000|  0%| F|  |TAMS 0x0000000089200000| PB 0x0000000089200000| Untracked 
|  59|0x0000000089300000, 0x0000000089300000, 0x0000000089400000|  0%| F|  |TAMS 0x0000000089300000| PB 0x0000000089300000| Untracked 
|  60|0x0000000089400000, 0x0000000089400000, 0x0000000089500000|  0%| F|  |TAMS 0x0000000089400000| PB 0x0000000089400000| Untracked 
|  61|0x0000000089500000, 0x0000000089500000, 0x0000000089600000|  0%| F|  |TAMS 0x0000000089500000| PB 0x0000000089500000| Untracked 
|  62|0x0000000089600000, 0x0000000089600000, 0x0000000089700000|  0%| F|  |TAMS 0x0000000089600000| PB 0x0000000089600000| Untracked 
|  63|0x0000000089700000, 0x0000000089700000, 0x0000000089800000|  0%| F|  |TAMS 0x0000000089700000| PB 0x0000000089700000| Untracked 
|  64|0x0000000089800000, 0x0000000089800000, 0x0000000089900000|  0%| F|  |TAMS 0x0000000089800000| PB 0x0000000089800000| Untracked 
|  65|0x0000000089900000, 0x0000000089900000, 0x0000000089a00000|  0%| F|  |TAMS 0x0000000089900000| PB 0x0000000089900000| Untracked 
|  66|0x0000000089a00000, 0x0000000089a00000, 0x0000000089b00000|  0%| F|  |TAMS 0x0000000089a00000| PB 0x0000000089a00000| Untracked 
|  67|0x0000000089b00000, 0x0000000089b00000, 0x0000000089c00000|  0%| F|  |TAMS 0x0000000089b00000| PB 0x0000000089b00000| Untracked 
|  68|0x0000000089c00000, 0x0000000089c00000, 0x0000000089d00000|  0%| F|  |TAMS 0x0000000089c00000| PB 0x0000000089c00000| Untracked 
|  69|0x0000000089d00000, 0x0000000089d00000, 0x0000000089e00000|  0%| F|  |TAMS 0x0000000089d00000| PB 0x0000000089d00000| Untracked 
|  70|0x0000000089e00000, 0x0000000089e00000, 0x0000000089f00000|  0%| F|  |TAMS 0x0000000089e00000| PB 0x0000000089e00000| Untracked 
|  71|0x0000000089f00000, 0x0000000089fb9160, 0x000000008a000000| 72%| E|  |TAMS 0x0000000089f00000| PB 0x0000000089f00000| Complete 
|  72|0x000000008a000000, 0x000000008a100000, 0x000000008a100000|100%| E|CS|TAMS 0x000000008a000000| PB 0x000000008a000000| Complete 
|  73|0x000000008a100000, 0x000000008a200000, 0x000000008a200000|100%| E|CS|TAMS 0x000000008a100000| PB 0x000000008a100000| Complete 
|  74|0x000000008a200000, 0x000000008a300000, 0x000000008a300000|100%| E|CS|TAMS 0x000000008a200000| PB 0x000000008a200000| Complete 
|  75|0x000000008a300000, 0x000000008a400000, 0x000000008a400000|100%| E|CS|TAMS 0x000000008a300000| PB 0x000000008a300000| Complete 
|  76|0x000000008a400000, 0x000000008a500000, 0x000000008a500000|100%| E|CS|TAMS 0x000000008a400000| PB 0x000000008a400000| Complete 
|  78|0x000000008a600000, 0x000000008a700000, 0x000000008a700000|100%| E|CS|TAMS 0x000000008a600000| PB 0x000000008a600000| Complete 
|  79|0x000000008a700000, 0x000000008a800000, 0x000000008a800000|100%| E|CS|TAMS 0x000000008a700000| PB 0x000000008a700000| Complete 
|  80|0x000000008a800000, 0x000000008a900000, 0x000000008a900000|100%| E|CS|TAMS 0x000000008a800000| PB 0x000000008a800000| Complete 
|  81|0x000000008a900000, 0x000000008aa00000, 0x000000008aa00000|100%| E|CS|TAMS 0x000000008a900000| PB 0x000000008a900000| Complete 
|  82|0x000000008aa00000, 0x000000008ab00000, 0x000000008ab00000|100%| E|CS|TAMS 0x000000008aa00000| PB 0x000000008aa00000| Complete 
|  83|0x000000008ab00000, 0x000000008ac00000, 0x000000008ac00000|100%| E|CS|TAMS 0x000000008ab00000| PB 0x000000008ab00000| Complete 
|  84|0x000000008ac00000, 0x000000008ad00000, 0x000000008ad00000|100%| E|CS|TAMS 0x000000008ac00000| PB 0x000000008ac00000| Complete 
|  85|0x000000008ad00000, 0x000000008ae00000, 0x000000008ae00000|100%| E|  |TAMS 0x000000008ad00000| PB 0x000000008ad00000| Complete 
|1956|0x00000000ffc00000, 0x00000000ffd00000, 0x00000000ffd00000|100%| O|  |TAMS 0x00000000ffc00000| PB 0x00000000ffc00000| Untracked 
|1957|0x00000000ffd00000, 0x00000000ffe00000, 0x00000000ffe00000|100%| O|  |TAMS 0x00000000ffd00000| PB 0x00000000ffd00000| Untracked 
|1958|0x00000000ffe00000, 0x00000000fff00000, 0x00000000fff00000|100%| O|  |TAMS 0x00000000ffe00000| PB 0x00000000ffe00000| Untracked 
|1959|0x00000000fff00000, 0x0000000100000000, 0x0000000100000000|100%| O|  |TAMS 0x00000000fff00000| PB 0x00000000fff00000| Untracked 

Card table byte_map: [0x0000027c64770000,0x0000027c64b50000] _byte_map_base: 0x0000027c64344000

Marking Bits: (CMBitMap*) 0x0000027c4cce2550
 Bits: [0x0000027c64b50000, 0x0000027c669f0000)

Polling page: 0x0000027c4aa10000

Metaspace:

Usage:
  Non-class:     77.04 MB used.
      Class:     11.81 MB used.
       Both:     88.85 MB used.

Virtual space:
  Non-class space:      128.00 MB reserved,      77.50 MB ( 61%) committed,  2 nodes.
      Class space:        1.00 GB reserved,      12.25 MB (  1%) committed,  1 nodes.
             Both:        1.12 GB reserved,      89.75 MB (  8%) committed. 

Chunk freelists:
   Non-Class:  2.13 MB
       Class:  3.74 MB
        Both:  5.87 MB

MaxMetaspaceSize: unlimited
CompressedClassSpaceSize: 1.00 GB
Initial GC threshold: 21.00 MB
Current GC threshold: 147.50 MB
CDS: on
 - commit_granule_bytes: 65536.
 - commit_granule_words: 8192.
 - virtual_space_node_default_size: 8388608.
 - enlarge_chunks_in_place: 1.
 - use_allocation_guard: 0.


Internal statistics:

num_allocs_failed_limit: 15.
num_arena_births: 1496.
num_arena_deaths: 360.
num_vsnodes_births: 3.
num_vsnodes_deaths: 0.
num_space_committed: 1436.
num_space_uncommitted: 0.
num_chunks_returned_to_freelist: 443.
num_chunks_taken_from_freelist: 4997.
num_chunk_merges: 113.
num_chunk_splits: 3316.
num_chunks_enlarged: 2463.
num_inconsistent_stats: 0.

CodeHeap 'non-profiled nmethods': size=120000Kb used=4399Kb max_used=4635Kb free=115600Kb
 bounds [0x0000027c5ce60000, 0x0000027c5d2f0000, 0x0000027c64390000]
CodeHeap 'profiled nmethods': size=120000Kb used=13337Kb max_used=14246Kb free=106663Kb
 bounds [0x0000027c55390000, 0x0000027c56180000, 0x0000027c5c8c0000]
CodeHeap 'non-nmethods': size=5760Kb used=3016Kb max_used=3038Kb free=2743Kb
 bounds [0x0000027c5c8c0000, 0x0000027c5cbc0000, 0x0000027c5ce60000]
CodeCache: size=245760Kb, used=20752Kb, max_used=21919Kb, free=225006Kb
 total_blobs=7720, nmethods=6699, adapters=925, full_count=0
Compilation: enabled, stopped_count=0, restarted_count=0

Compilation events (20 events):
Event: 3285.289 Thread 0x0000027c68ee0850 9378       3       java.lang.Math::addExact (26 bytes)
Event: 3285.289 Thread 0x0000027c68ee0850 nmethod 9378 0x0000027c55744390 code [0x0000027c55744540, 0x0000027c55744738]
Event: 3285.289 Thread 0x0000027c68ee0850 9379       3       sun.util.locale.provider.LocaleProviderAdapter::getAdapter (177 bytes)
Event: 3285.291 Thread 0x0000027c68ee0850 nmethod 9379 0x0000027c5561b490 code [0x0000027c5561b800, 0x0000027c5561cee0]
Event: 3285.291 Thread 0x0000027c68ee0850 9377       3       com.mysql.cj.result.DefaultColumnDefinition::<init> (41 bytes)
Event: 3285.292 Thread 0x0000027c68ee0850 nmethod 9377 0x0000027c55ba1f90 code [0x0000027c55ba2160, 0x0000027c55ba25a0]
Event: 3285.292 Thread 0x0000027c68ee0850 9385       1       io.restassured.config.EncoderConfig::defaultQueryParameterCharset (5 bytes)
Event: 3285.292 Thread 0x0000027c68ee0850 nmethod 9385 0x0000027c5d12fb10 code [0x0000027c5d12fca0, 0x0000027c5d12fd68]
Event: 3285.292 Thread 0x0000027c68ee0850 9383       1       org.hibernate.metamodel.mapping.AttributeMapping::isEmbeddedAttributeMapping (2 bytes)
Event: 3285.292 Thread 0x0000027c68ee0850 nmethod 9383 0x0000027c5d150b90 code [0x0000027c5d150d20, 0x0000027c5d150de8]
Event: 3285.292 Thread 0x0000027c68ee0850 9381       1       org.hibernate.action.internal.EntityAction::getInstance (5 bytes)
Event: 3285.292 Thread 0x0000027c68ee0850 nmethod 9381 0x0000027c5d150890 code [0x0000027c5d150a20, 0x0000027c5d150ae8]
Event: 3285.292 Thread 0x0000027c68ee0850 9386       1       groovy.lang.Closure::getDelegate (5 bytes)
Event: 3285.292 Thread 0x0000027c68ee0850 nmethod 9386 0x0000027c5d161990 code [0x0000027c5d161b20, 0x0000027c5d161be8]
Event: 3285.309 Thread 0x0000027c68ee0850 9397       3       java.lang.invoke.Invokers$Holder::linkToTargetMethod (10 bytes)
Event: 3285.310 Thread 0x0000027c68ee0850 nmethod 9397 0x0000027c55bfa010 code [0x0000027c55bfa1e0, 0x0000027c55bfa5c0]
Event: 3285.311 Thread 0x0000027c68ee0850 9398   !   3       java_lang_CharSequence$toString::call (31 bytes)
Event: 3285.311 Thread 0x0000027c68ee0850 nmethod 9398 0x0000027c55c59510 code [0x0000027c55c59720, 0x0000027c55c59b40]
Event: 3285.322 Thread 0x0000027c68ee0850 9399       3       java.net.InetSocketAddress::getPort (8 bytes)
Event: 3285.322 Thread 0x0000027c68ee0850 nmethod 9399 0x0000027c55856890 code [0x0000027c55856a20, 0x0000027c55856b50]

GC Heap History (20 events):
Event: 7.037 GC heap before
{Heap before GC invocations=14 (full 0):
 garbage-first heap   total 55296K, used 35874K [0x0000000085800000, 0x0000000100000000)
  region size 1024K, 11 young (11264K), 3 survivors (3072K)
 Metaspace       used 60215K, committed 60800K, reserved 1114112K
  class space    used 8040K, committed 8320K, reserved 1048576K
}
Event: 7.040 GC heap after
{Heap after GC invocations=15 (full 0):
 garbage-first heap   total 66560K, used 29563K [0x0000000085800000, 0x0000000100000000)
  region size 1024K, 1 young (1024K), 1 survivors (1024K)
 Metaspace       used 60215K, committed 60800K, reserved 1114112K
  class space    used 8040K, committed 8320K, reserved 1048576K
}
Event: 7.708 GC heap before
{Heap before GC invocations=16 (full 0):
 garbage-first heap   total 66560K, used 59259K [0x0000000085800000, 0x0000000100000000)
  region size 1024K, 30 young (30720K), 1 survivors (1024K)
 Metaspace       used 63804K, committed 64448K, reserved 1114112K
  class space    used 8604K, committed 8896K, reserved 1048576K
}
Event: 7.715 GC heap after
{Heap after GC invocations=17 (full 0):
 garbage-first heap   total 66560K, used 32650K [0x0000000085800000, 0x0000000100000000)
  region size 1024K, 4 young (4096K), 4 survivors (4096K)
 Metaspace       used 63804K, committed 64448K, reserved 1114112K
  class space    used 8604K, committed 8896K, reserved 1048576K
}
Event: 2675.029 GC heap before
{Heap before GC invocations=17 (full 0):
 garbage-first heap   total 66560K, used 58250K [0x0000000085800000, 0x0000000100000000)
  region size 1024K, 30 young (30720K), 4 survivors (4096K)
 Metaspace       used 70299K, committed 70976K, reserved 1114112K
  class space    used 9481K, committed 9792K, reserved 1048576K
}
Event: 2675.238 GC heap after
{Heap after GC invocations=18 (full 0):
 garbage-first heap   total 66560K, used 34057K [0x0000000085800000, 0x0000000100000000)
  region size 1024K, 2 young (2048K), 2 survivors (2048K)
 Metaspace       used 70299K, committed 70976K, reserved 1114112K
  class space    used 9481K, committed 9792K, reserved 1048576K
}
Event: 2679.859 GC heap before
{Heap before GC invocations=18 (full 0):
 garbage-first heap   total 66560K, used 40201K [0x0000000085800000, 0x0000000100000000)
  region size 1024K, 10 young (10240K), 2 survivors (2048K)
 Metaspace       used 71818K, committed 72512K, reserved 1114112K
  class space    used 9658K, committed 9984K, reserved 1048576K
}
Event: 2679.877 GC heap after
{Heap after GC invocations=19 (full 0):
 garbage-first heap   total 66560K, used 35559K [0x0000000085800000, 0x0000000100000000)
  region size 1024K, 4 young (4096K), 4 survivors (4096K)
 Metaspace       used 71818K, committed 72512K, reserved 1114112K
  class space    used 9658K, committed 9984K, reserved 1048576K
}
Event: 2682.376 GC heap before
{Heap before GC invocations=20 (full 0):
 garbage-first heap   total 66560K, used 61159K [0x0000000085800000, 0x0000000100000000)
  region size 1024K, 27 young (27648K), 4 survivors (4096K)
 Metaspace       used 75075K, committed 75840K, reserved 1179648K
  class space    used 10024K, committed 10368K, reserved 1048576K
}
Event: 2682.397 GC heap after
{Heap after GC invocations=21 (full 0):
 garbage-first heap   total 71680K, used 40613K [0x0000000085800000, 0x0000000100000000)
  region size 1024K, 4 young (4096K), 4 survivors (4096K)
 Metaspace       used 75075K, committed 75840K, reserved 1179648K
  class space    used 10024K, committed 10368K, reserved 1048576K
}
Event: 2682.619 GC heap before
{Heap before GC invocations=21 (full 0):
 garbage-first heap   total 71680K, used 61093K [0x0000000085800000, 0x0000000100000000)
  region size 1024K, 24 young (24576K), 4 survivors (4096K)
 Metaspace       used 75414K, committed 76160K, reserved 1179648K
  class space    used 10061K, committed 10368K, reserved 1048576K
}
Event: 2682.635 GC heap after
{Heap after GC invocations=22 (full 0):
 garbage-first heap   total 71680K, used 40517K [0x0000000085800000, 0x0000000100000000)
  region size 1024K, 2 young (2048K), 2 survivors (2048K)
 Metaspace       used 75414K, committed 76160K, reserved 1179648K
  class space    used 10061K, committed 10368K, reserved 1048576K
}
Event: 2683.422 GC heap before
{Heap before GC invocations=22 (full 0):
 garbage-first heap   total 71680K, used 62021K [0x0000000085800000, 0x0000000100000000)
  region size 1024K, 23 young (23552K), 2 survivors (2048K)
 Metaspace       used 78647K, committed 79488K, reserved 1179648K
  class space    used 10516K, committed 10880K, reserved 1048576K
}
Event: 2683.432 GC heap after
{Heap after GC invocations=23 (full 0):
 garbage-first heap   total 71680K, used 44855K [0x0000000085800000, 0x0000000100000000)
  region size 1024K, 3 young (3072K), 3 survivors (3072K)
 Metaspace       used 78647K, committed 79488K, reserved 1179648K
  class space    used 10516K, committed 10880K, reserved 1048576K
}
Event: 3228.759 GC heap before
{Heap before GC invocations=24 (full 0):
 garbage-first heap   total 75776K, used 61239K [0x0000000085800000, 0x0000000100000000)
  region size 1024K, 20 young (20480K), 3 survivors (3072K)
 Metaspace       used 81360K, committed 82176K, reserved 1179648K
  class space    used 10833K, committed 11200K, reserved 1048576K
}
Event: 3228.799 GC heap after
{Heap after GC invocations=25 (full 0):
 garbage-first heap   total 75776K, used 47947K [0x0000000085800000, 0x0000000100000000)
  region size 1024K, 3 young (3072K), 3 survivors (3072K)
 Metaspace       used 81360K, committed 82176K, reserved 1179648K
  class space    used 10833K, committed 11200K, reserved 1048576K
}
Event: 3230.576 GC heap before
{Heap before GC invocations=25 (full 0):
 garbage-first heap   total 75776K, used 65355K [0x0000000085800000, 0x0000000100000000)
  region size 1024K, 21 young (21504K), 3 survivors (3072K)
 Metaspace       used 84817K, committed 85568K, reserved 1179648K
  class space    used 11245K, committed 11584K, reserved 1048576K
}
Event: 3230.603 GC heap after
{Heap after GC invocations=26 (full 0):
 garbage-first heap   total 75776K, used 50933K [0x0000000085800000, 0x0000000100000000)
  region size 1024K, 3 young (3072K), 3 survivors (3072K)
 Metaspace       used 84817K, committed 85568K, reserved 1179648K
  class space    used 11245K, committed 11584K, reserved 1048576K
}
Event: 3276.422 GC heap before
{Heap before GC invocations=26 (full 0):
 garbage-first heap   total 75776K, used 67317K [0x0000000085800000, 0x0000000100000000)
  region size 1024K, 19 young (19456K), 3 survivors (3072K)
 Metaspace       used 89616K, committed 90496K, reserved 1179648K
  class space    used 11970K, committed 12352K, reserved 1048576K
}
Event: 3276.454 GC heap after
{Heap after GC invocations=27 (full 0):
 garbage-first heap   total 91136K, used 53392K [0x0000000085800000, 0x0000000100000000)
  region size 1024K, 2 young (2048K), 2 survivors (2048K)
 Metaspace       used 89616K, committed 90496K, reserved 1179648K
  class space    used 11970K, committed 12352K, reserved 1048576K
}

Dll operation events (13 events):
Event: 0.017 Loaded shared library C:\Users\HP\.jdks\ms-21.0.9\bin\java.dll
Event: 0.067 Loaded shared library C:\Users\HP\.jdks\ms-21.0.9\bin\jsvml.dll
Event: 0.307 Loaded shared library C:\Users\HP\.jdks\ms-21.0.9\bin\zip.dll
Event: 0.312 Loaded shared library C:\Users\HP\.jdks\ms-21.0.9\bin\instrument.dll
Event: 0.317 Loaded shared library C:\Users\HP\.jdks\ms-21.0.9\bin\net.dll
Event: 0.321 Loaded shared library C:\Users\HP\.jdks\ms-21.0.9\bin\nio.dll
Event: 0.324 Loaded shared library C:\Users\HP\.jdks\ms-21.0.9\bin\zip.dll
Event: 0.448 Loaded shared library C:\Users\HP\.jdks\ms-21.0.9\bin\extnet.dll
Event: 0.487 Loaded shared library C:\Users\HP\.jdks\ms-21.0.9\bin\jimage.dll
Event: 1.842 Loaded shared library C:\Users\HP\.jdks\ms-21.0.9\bin\sunmscapi.dll
Event: 4.203 Loaded shared library C:\Users\HP\.jdks\ms-21.0.9\bin\management.dll
Event: 4.205 Loaded shared library C:\Users\HP\.jdks\ms-21.0.9\bin\management_ext.dll
Event: 4.939 Loaded shared library C:\Users\HP\.jdks\ms-21.0.9\bin\verify.dll

Deoptimization events (20 events):
Event: 3278.266 Thread 0x0000027c68ece290 Uncommon trap: trap_request=0xffffff6e fr.pc=0x0000027c5d18610c relative=0x000000000000026c
Event: 3278.266 Thread 0x0000027c68ece290 Uncommon trap: reason=loop_limit_check action=maybe_recompile pc=0x0000027c5d18610c method=java.math.BigInteger.implMulAdd([I[IIII)I @ 26 c2
Event: 3278.266 Thread 0x0000027c68ece290 DEOPT PACKING pc=0x0000027c5d18610c sp=0x000000f4afcf9a30
Event: 3278.266 Thread 0x0000027c68ece290 DEOPT UNPACKING pc=0x0000027c5c917ba2 sp=0x000000f4afcf9980 mode 2
Event: 3278.361 Thread 0x0000027c68ece290 Uncommon trap: trap_request=0xffffff45 fr.pc=0x0000027c5d0606cc relative=0x000000000000060c
Event: 3278.361 Thread 0x0000027c68ece290 Uncommon trap: reason=unstable_if action=reinterpret pc=0x0000027c5d0606cc method=java.util.ArrayList.toArray([Ljava/lang/Object;)[Ljava/lang/Object; @ 45 c2
Event: 3278.361 Thread 0x0000027c68ece290 DEOPT PACKING pc=0x0000027c5d0606cc sp=0x000000f4afcfa510
Event: 3278.361 Thread 0x0000027c68ece290 DEOPT UNPACKING pc=0x0000027c5c917ba2 sp=0x000000f4afcfa508 mode 2
Event: 3278.445 Thread 0x0000027c68ece290 Uncommon trap: trap_request=0xffffff45 fr.pc=0x0000027c5d24cb04 relative=0x00000000000000e4
Event: 3278.445 Thread 0x0000027c68ece290 Uncommon trap: reason=unstable_if action=reinterpret pc=0x0000027c5d24cb04 method=java.util.EnumSet.typeCheck(Ljava/lang/Enum;)V @ 10 c2
Event: 3278.445 Thread 0x0000027c68ece290 DEOPT PACKING pc=0x0000027c5d24cb04 sp=0x000000f4afcf9b00
Event: 3278.445 Thread 0x0000027c68ece290 DEOPT UNPACKING pc=0x0000027c5c917ba2 sp=0x000000f4afcf99c0 mode 2
Event: 3278.445 Thread 0x0000027c68ece290 Uncommon trap: trap_request=0xffffff45 fr.pc=0x0000027c5d18bacc relative=0x00000000000000ac
Event: 3278.445 Thread 0x0000027c68ece290 Uncommon trap: reason=unstable_if action=reinterpret pc=0x0000027c5d18bacc method=java.util.EnumSet.typeCheck(Ljava/lang/Enum;)V @ 10 c2
Event: 3278.445 Thread 0x0000027c68ece290 DEOPT PACKING pc=0x0000027c5d18bacc sp=0x000000f4afcf9a90
Event: 3278.445 Thread 0x0000027c68ece290 DEOPT UNPACKING pc=0x0000027c5c917ba2 sp=0x000000f4afcf99b8 mode 2
Event: 3280.987 Thread 0x0000027c68ece290 Uncommon trap: trap_request=0xffffff45 fr.pc=0x0000027c5d10e550 relative=0x0000000000000190
Event: 3280.987 Thread 0x0000027c68ece290 Uncommon trap: reason=unstable_if action=reinterpret pc=0x0000027c5d10e550 method=java.util.regex.Pattern$Branch.match(Ljava/util/regex/Matcher;ILjava/lang/CharSequence;)Z @ 35 c2
Event: 3280.987 Thread 0x0000027c68ece290 DEOPT PACKING pc=0x0000027c5d10e550 sp=0x000000f4afcfab70
Event: 3280.987 Thread 0x0000027c68ece290 DEOPT UNPACKING pc=0x0000027c5c917ba2 sp=0x000000f4afcfaaf8 mode 2

Classes loaded (20 events):
Event: 3280.870 Loading class sun/security/ssl/SSLCipher$T12GcmReadCipherGenerator$GcmReadCipher
Event: 3280.886 Loading class sun/security/ssl/SSLCipher$T12GcmReadCipherGenerator$GcmReadCipher done
Event: 3280.987 Loading class javax/naming/ldap/LdapName
Event: 3280.996 Loading class javax/naming/Name
Event: 3280.998 Loading class javax/naming/Name done
Event: 3280.998 Loading class javax/naming/ldap/LdapName done
Event: 3280.998 Loading class javax/naming/ldap/Rfc2253Parser
Event: 3281.010 Loading class javax/naming/ldap/Rfc2253Parser done
Event: 3281.010 Loading class javax/naming/ldap/Rdn
Event: 3281.011 Loading class javax/naming/ldap/Rdn done
Event: 3281.012 Loading class javax/naming/ldap/Rdn$RdnEntry
Event: 3281.012 Loading class javax/naming/ldap/Rdn$RdnEntry done
Event: 3281.012 Loading class javax/naming/directory/BasicAttributes
Event: 3281.022 Loading class javax/naming/directory/Attributes
Event: 3281.026 Loading class javax/naming/directory/Attributes done
Event: 3281.026 Loading class javax/naming/directory/BasicAttributes done
Event: 3281.028 Loading class javax/naming/directory/BasicAttribute
Event: 3281.034 Loading class javax/naming/directory/Attribute
Event: 3281.036 Loading class javax/naming/directory/Attribute done
Event: 3281.036 Loading class javax/naming/directory/BasicAttribute done

Classes unloaded (20 events):
Event: 2680.149 Thread 0x0000027c68ea4e80 Unloading class 0x0000027c01001400 'java/lang/invoke/LambdaForm$MH+0x0000027c01001400'
Event: 2683.505 Thread 0x0000027c68ea4e80 Unloading class 0x0000027c019a4400 'java/lang/invoke/LambdaForm$MH+0x0000027c019a4400'
Event: 2683.505 Thread 0x0000027c68ea4e80 Unloading class 0x0000027c01992c00 'java/lang/invoke/LambdaForm$MH+0x0000027c01992c00'
Event: 2683.505 Thread 0x0000027c68ea4e80 Unloading class 0x0000027c01992000 'java/lang/invoke/LambdaForm$MH+0x0000027c01992000'
Event: 2683.505 Thread 0x0000027c68ea4e80 Unloading class 0x0000027c01991c00 'java/lang/invoke/LambdaForm$MH+0x0000027c01991c00'
Event: 2683.505 Thread 0x0000027c68ea4e80 Unloading class 0x0000027c01991800 'java/lang/invoke/LambdaForm$MH+0x0000027c01991800'
Event: 2683.505 Thread 0x0000027c68ea4e80 Unloading class 0x0000027c01991400 'java/lang/invoke/LambdaForm$MH+0x0000027c01991400'
Event: 2683.505 Thread 0x0000027c68ea4e80 Unloading class 0x0000027c01990800 'java/lang/invoke/LambdaForm$MH+0x0000027c01990800'
Event: 2683.505 Thread 0x0000027c68ea4e80 Unloading class 0x0000027c01990400 'java/lang/invoke/LambdaForm$MH+0x0000027c01990400'
Event: 2683.505 Thread 0x0000027c68ea4e80 Unloading class 0x0000027c01990000 'java/lang/invoke/LambdaForm$MH+0x0000027c01990000'
Event: 2683.505 Thread 0x0000027c68ea4e80 Unloading class 0x0000027c018f6c00 'java/lang/invoke/LambdaForm$MH+0x0000027c018f6c00'
Event: 2683.505 Thread 0x0000027c68ea4e80 Unloading class 0x0000027c018f6000 'java/lang/invoke/LambdaForm$MH+0x0000027c018f6000'
Event: 2683.505 Thread 0x0000027c68ea4e80 Unloading class 0x0000027c018f5c00 'java/lang/invoke/LambdaForm$MH+0x0000027c018f5c00'
Event: 2683.505 Thread 0x0000027c68ea4e80 Unloading class 0x0000027c018f5800 'java/lang/invoke/LambdaForm$MH+0x0000027c018f5800'
Event: 2683.505 Thread 0x0000027c68ea4e80 Unloading class 0x0000027c018f5400 'java/lang/invoke/LambdaForm$MH+0x0000027c018f5400'
Event: 2683.505 Thread 0x0000027c68ea4e80 Unloading class 0x0000027c018f4800 'java/lang/invoke/LambdaForm$MH+0x0000027c018f4800'
Event: 2683.505 Thread 0x0000027c68ea4e80 Unloading class 0x0000027c018f4400 'java/lang/invoke/LambdaForm$MH+0x0000027c018f4400'
Event: 2683.505 Thread 0x0000027c68ea4e80 Unloading class 0x0000027c018f4000 'java/lang/invoke/LambdaForm$MH+0x0000027c018f4000'
Event: 2683.505 Thread 0x0000027c68ea4e80 Unloading class 0x0000027c018dc000 'java/lang/invoke/LambdaForm$MH+0x0000027c018dc000'
Event: 2683.505 Thread 0x0000027c68ea4e80 Unloading class 0x0000027c01362800 'java/lang/invoke/LambdaForm$MH+0x0000027c01362800'

Classes redefined (0 events):
No events

Internal exceptions (20 events):
Event: 3276.819 Thread 0x0000027c68ece290 Exception <a 'java/lang/ClassCastException'{0x000000008ab72668}: class io.restassured.filter.time.TimingFilter cannot be cast to class groovy.lang.GroovyObject (io.restassured.filter.time.TimingFilter and groovy.lang.GroovyObject are in unnamed module of loader 'app')> (0x000000008ab72668) 
thrown [s\src\hotspot\share\interpreter\interpreterRuntime.cpp, line 455]
Event: 3276.832 Thread 0x0000027c6fe01fe0 Exception <a 'java/net/ConnectException'{0x000000008ab97708}: Connection refused: getsockopt> (0x000000008ab97708) 
thrown [s\src\hotspot\share\prims\jni.cpp, line 539]
Event: 3276.872 Thread 0x0000027c6fe01fe0 Exception <a 'java/net/ConnectException'{0x000000008ab98708}: Connection refused: getsockopt> (0x000000008ab98708) 
thrown [s\src\hotspot\share\prims\jni.cpp, line 539]
Event: 3276.913 Thread 0x0000027c6fe01fe0 Exception <a 'java/net/ConnectException'{0x000000008ab99708}: Connection refused: getsockopt> (0x000000008ab99708) 
thrown [s\src\hotspot\share\prims\jni.cpp, line 539]
Event: 3276.974 Thread 0x0000027c6fe01fe0 Exception <a 'java/net/ConnectException'{0x000000008ab9a708}: Connection refused: getsockopt> (0x000000008ab9a708) 
thrown [s\src\hotspot\share\prims\jni.cpp, line 539]
Event: 3276.997 Thread 0x0000027c6db6e4c0 Exception <a 'java/net/ConnectException'{0x000000008a8e60b8}: Connection refused: getsockopt> (0x000000008a8e60b8) 
thrown [s\src\hotspot\share\prims\jni.cpp, line 539]
Event: 3277.011 Thread 0x0000027c6db70590 Exception <a 'java/net/ConnectException'{0x000000008a70f820}: Connection refused: getsockopt> (0x000000008a70f820) 
thrown [s\src\hotspot\share\prims\jni.cpp, line 539]
Event: 3277.012 Thread 0x0000027c6db6e4c0 Exception <a 'java/net/ConnectException'{0x000000008a8e70b8}: Connection refused: getsockopt> (0x000000008a8e70b8) 
thrown [s\src\hotspot\share\prims\jni.cpp, line 539]
Event: 3277.033 Thread 0x0000027c6db70590 Exception <a 'java/net/ConnectException'{0x000000008a710820}: Connection refused: getsockopt> (0x000000008a710820) 
thrown [s\src\hotspot\share\prims\jni.cpp, line 539]
Event: 3277.046 Thread 0x0000027c6db6e4c0 Exception <a 'java/net/ConnectException'{0x000000008a8e80b8}: Connection refused: getsockopt> (0x000000008a8e80b8) 
thrown [s\src\hotspot\share\prims\jni.cpp, line 539]
Event: 3277.063 Thread 0x0000027c6db70590 Exception <a 'java/net/ConnectException'{0x000000008a711820}: Connection refused: getsockopt> (0x000000008a711820) 
thrown [s\src\hotspot\share\prims\jni.cpp, line 539]
Event: 3277.114 Thread 0x0000027c6db70590 Exception <a 'java/net/ConnectException'{0x000000008a7127b0}: Connection refused: getsockopt> (0x000000008a7127b0) 
thrown [s\src\hotspot\share\prims\jni.cpp, line 539]
Event: 3277.123 Thread 0x0000027c6db6e4c0 Exception <a 'java/net/ConnectException'{0x000000008a8e9048}: Connection refused: getsockopt> (0x000000008a8e9048) 
thrown [s\src\hotspot\share\prims\jni.cpp, line 539]
Event: 3284.810 Thread 0x0000027c68ece290 Exception <a 'java/lang/ClassNotFoundException'{0x000000008a22f588}: io/restassured/internal/http/HttpResponseDecoratorBeanInfo> (0x000000008a22f588) 
thrown [s\src\hotspot\share\classfile\systemDictionary.cpp, line 312]
Event: 3284.829 Thread 0x0000027c68ece290 Exception <a 'java/lang/ClassNotFoundException'{0x000000008a280f18}: io/restassured/internal/http/HttpResponseDecoratorCustomizer> (0x000000008a280f18) 
thrown [s\src\hotspot\share\classfile\systemDictionary.cpp, line 312]
Event: 3285.055 Thread 0x0000027c6f4e6140 Exception <a 'java/lang/OutOfMemoryError'{0x000000008a2c5160}: unable to create native thread: possibly out of memory or process/resource limits reached> (0x000000008a2c5160) 
thrown [s\src\hotspot\share\prims\jvm.cpp, line 3026]
Event: 3285.164 Thread 0x0000027c6f4ec3b0 Exception <a 'java/lang/ClassCastException'{0x000000008a1a6588}: class io.restassured.filter.time.TimingFilter cannot be cast to class groovy.lang.GroovyObject (io.restassured.filter.time.TimingFilter and groovy.lang.GroovyObject are in unnamed module of loader 'app')> (0x000000008a1a6588) 
thrown [s\src\hotspot\share\interpreter\interpreterRuntime.cpp, line 455]
Event: 3285.304 Thread 0x0000027c68ece290 Exception <a 'java/lang/ClassNotFoundException'{0x0000000089f16240}: io/restassured/internal/http/HttpResponseDecorator$HeadersDecoratorBeanInfo> (0x0000000089f16240) 
thrown [s\src\hotspot\share\classfile\systemDictionary.cpp, line 312]
Event: 3285.312 Thread 0x0000027c6f4ec3b0 Exception <a 'java/net/ConnectException'{0x000000008a0449b0}: Connection refused: connect> (0x000000008a0449b0) 
thrown [s\src\hotspot\share\prims\jni.cpp, line 539]
Event: 3285.313 Thread 0x0000027c6f4ec3b0 Exception <a 'java/net/ConnectException'{0x000000008a0459e8}: Connection refused: connect> (0x000000008a0459e8) 
thrown [s\src\hotspot\share\prims\jni.cpp, line 539]

ZGC Phase Switch (0 events):
No events

VM Operations (20 events):
Event: 3253.281 Executing VM operation: RendezvousGCThreads
Event: 3253.281 Executing VM operation: RendezvousGCThreads done
Event: 3276.419 Executing VM operation: G1CollectForAllocation (G1 Evacuation Pause)
Event: 3276.454 Executing VM operation: G1CollectForAllocation (G1 Evacuation Pause) done
Event: 3276.715 Executing VM operation: G1PauseRemark
Event: 3276.782 Executing VM operation: G1PauseRemark done
Event: 3276.849 Executing VM operation: G1PauseCleanup
Event: 3276.849 Executing VM operation: G1PauseCleanup done
Event: 3277.863 Executing VM operation: Cleanup
Event: 3277.879 Executing VM operation: Cleanup done
Event: 3278.893 Executing VM operation: Cleanup
Event: 3278.924 Executing VM operation: Cleanup done
Event: 3280.948 Executing VM operation: Cleanup
Event: 3280.965 Executing VM operation: Cleanup done
Event: 3281.165 Executing VM operation: HandshakeAllThreads (Deoptimize)
Event: 3281.165 Executing VM operation: HandshakeAllThreads (Deoptimize) done
Event: 3282.169 Executing VM operation: Cleanup
Event: 3282.169 Executing VM operation: Cleanup done
Event: 3284.186 Executing VM operation: Cleanup
Event: 3284.524 Executing VM operation: Cleanup done

Memory protections (0 events):
No events

Nmethod flushes (20 events):
Event: 3276.776 Thread 0x0000027c68ea4e80 flushing  nmethod 0x0000027c55d14c90
Event: 3276.776 Thread 0x0000027c68ea4e80 flushing  nmethod 0x0000027c55d15a10
Event: 3276.776 Thread 0x0000027c68ea4e80 flushing  nmethod 0x0000027c55d16390
Event: 3276.776 Thread 0x0000027c68ea4e80 flushing  nmethod 0x0000027c55d16710
Event: 3276.776 Thread 0x0000027c68ea4e80 flushing  nmethod 0x0000027c55d17290
Event: 3276.776 Thread 0x0000027c68ea4e80 flushing  nmethod 0x0000027c55d18a10
Event: 3276.776 Thread 0x0000027c68ea4e80 flushing  nmethod 0x0000027c55d3c710
Event: 3276.776 Thread 0x0000027c68ea4e80 flushing  nmethod 0x0000027c55d40190
Event: 3276.776 Thread 0x0000027c68ea4e80 flushing  nmethod 0x0000027c55d48810
Event: 3276.776 Thread 0x0000027c68ea4e80 flushing  nmethod 0x0000027c55d49090
Event: 3276.776 Thread 0x0000027c68ea4e80 flushing  nmethod 0x0000027c55d4cd10
Event: 3276.776 Thread 0x0000027c68ea4e80 flushing  nmethod 0x0000027c55d5ff10
Event: 3276.776 Thread 0x0000027c68ea4e80 flushing  nmethod 0x0000027c55d63f90
Event: 3276.776 Thread 0x0000027c68ea4e80 flushing  nmethod 0x0000027c55d6f010
Event: 3276.776 Thread 0x0000027c68ea4e80 flushing  nmethod 0x0000027c55deed10
Event: 3276.776 Thread 0x0000027c68ea4e80 flushing  nmethod 0x0000027c55e75210
Event: 3276.776 Thread 0x0000027c68ea4e80 flushing  nmethod 0x0000027c55f1ee10
Event: 3276.776 Thread 0x0000027c68ea4e80 flushing  nmethod 0x0000027c55f4d090
Event: 3276.776 Thread 0x0000027c68ea4e80 flushing  nmethod 0x0000027c55f4d590
Event: 3276.776 Thread 0x0000027c68ea4e80 flushing  nmethod 0x0000027c55f76510

Events (20 events):
Event: 3277.215 Thread 0x0000027c719d44e0 Thread added: 0x0000027c6f4e67d0
Event: 3277.215 Thread 0x0000027c6db69c90 Thread added: 0x0000027c6f4e74f0
Event: 3277.215 Thread 0x0000027c6db69c90 Thread added: 0x0000027c6f4e7b80
Event: 3277.219 Thread 0x0000027c6db6d7a0 Thread added: 0x0000027c6f4e8f30
Event: 3277.221 Thread 0x0000027c719d2aa0 Thread added: 0x0000027c6f4e8210
Event: 3277.223 Thread 0x0000027c6db6ca80 Thread added: 0x0000027c6f4e6e60
Event: 3277.224 Thread 0x0000027c6db6ca80 Thread added: 0x0000027c6f4e5ab0
Event: 3281.331 Thread 0x0000027c6db6a320 Thread exited: 0x0000027c6db6a320
Event: 3284.721 Thread 0x0000027c6f4e8f30 Thread added: 0x0000027c6f4e88a0
Event: 3284.826 Thread 0x0000027c6fe06ea0 Thread added: 0x0000027c6f4e95c0
Event: 3284.827 Thread 0x0000027c6fe06ea0 Thread added: 0x0000027c6f4e6140
Event: 3284.839 Thread 0x0000027c6fe06ea0 Thread added: 0x0000027c6f4eb000
Event: 3284.845 Thread 0x0000027c6fe06ea0 Thread added: 0x0000027c6f4ec3b0
Event: 3285.055 Thread 0x0000027c719d2aa0 Thread added: 0x0000027c6f4ebd20
Event: 3285.056 Thread 0x0000027c719d2aa0 Thread added: 0x0000027c6f4ed0d0
Event: 3285.098 Thread 0x0000027c719d1060 Thread added: 0x0000027c6f4ea970
Event: 3285.106 Thread 0x0000027c719d1060 Thread added: 0x0000027c6f4ea2e0
Event: 3285.107 Thread 0x0000027c719d44e0 Thread added: 0x0000027c6f4eca40
Event: 3285.107 Thread 0x0000027c719d44e0 Thread added: 0x0000027c6f4eb690
Event: 3285.108 Thread 0x0000027c6f4ebd20 Thread added: 0x0000027c6f4e9c50


Dynamic libraries:
0x00007ff789af0000 - 0x00007ff789afe000 	C:\Users\HP\.jdks\ms-21.0.9\bin\java.exe
0x00007fffca8e0000 - 0x00007fffcab48000 	C:\WINDOWS\SYSTEM32\ntdll.dll
0x00007fffc9880000 - 0x00007fffc9949000 	C:\WINDOWS\System32\KERNEL32.DLL
0x00007fffc8020000 - 0x00007fffc8418000 	C:\WINDOWS\System32\KERNELBASE.dll
0x00007fffc7ed0000 - 0x00007fffc801b000 	C:\WINDOWS\System32\ucrtbase.dll
0x00007fffc4680000 - 0x00007fffc469e000 	C:\Users\HP\.jdks\ms-21.0.9\bin\VCRUNTIME140.dll
0x00007fffc4630000 - 0x00007fffc4648000 	C:\Users\HP\.jdks\ms-21.0.9\bin\jli.dll
0x00007fffc8690000 - 0x00007fffc8857000 	C:\WINDOWS\System32\USER32.dll
0x00007fffae990000 - 0x00007fffaec24000 	C:\WINDOWS\WinSxS\amd64_microsoft.windows.common-controls_6595b64144ccf1df_6.0.26100.7019_none_3e06ffa0e335b8a8\COMCTL32.dll
0x00007fffc9e30000 - 0x00007fffc9ed9000 	C:\WINDOWS\System32\msvcrt.dll
0x00007fffc8860000 - 0x00007fffc888b000 	C:\WINDOWS\System32\GDI32.dll
0x00007fffc8650000 - 0x00007fffc8677000 	C:\WINDOWS\System32\win32u.dll
0x00007fffc7c40000 - 0x00007fffc7d6c000 	C:\WINDOWS\System32\gdi32full.dll
0x00007fffc7d70000 - 0x00007fffc7e13000 	C:\WINDOWS\System32\msvcp_win.dll
0x00007fffc9df0000 - 0x00007fffc9e21000 	C:\WINDOWS\System32\IMM32.DLL
0x00007fffc4620000 - 0x00007fffc462c000 	C:\Users\HP\.jdks\ms-21.0.9\bin\vcruntime140_1.dll
0x00007fffb97b0000 - 0x00007fffb9839000 	C:\Users\HP\.jdks\ms-21.0.9\bin\msvcp140.dll
0x00007fff7c830000 - 0x00007fff7d5dd000 	C:\Users\HP\.jdks\ms-21.0.9\bin\server\jvm.dll
0x00007fffc8af0000 - 0x00007fffc8ba4000 	C:\WINDOWS\System32\ADVAPI32.dll
0x00007fffc8c90000 - 0x00007fffc8d36000 	C:\WINDOWS\System32\sechost.dll
0x00007fffc9270000 - 0x00007fffc9388000 	C:\WINDOWS\System32\RPCRT4.dll
0x00007fffc9f70000 - 0x00007fffc9fe4000 	C:\WINDOWS\System32\WS2_32.dll
0x00007fffc7890000 - 0x00007fffc78ee000 	C:\WINDOWS\SYSTEM32\POWRPROF.dll
0x00007fffb4c30000 - 0x00007fffb4c3b000 	C:\WINDOWS\SYSTEM32\VERSION.dll
0x00007fffbec30000 - 0x00007fffbec65000 	C:\WINDOWS\SYSTEM32\WINMM.dll
0x00007fffc7870000 - 0x00007fffc7884000 	C:\WINDOWS\SYSTEM32\UMPDC.dll
0x00007fffc67f0000 - 0x00007fffc680b000 	C:\WINDOWS\SYSTEM32\kernel.appcore.dll
0x00007fffc4610000 - 0x00007fffc461a000 	C:\Users\HP\.jdks\ms-21.0.9\bin\jimage.dll
0x00007fffc5090000 - 0x00007fffc52d2000 	C:\WINDOWS\SYSTEM32\DBGHELP.DLL
0x00007fffc9390000 - 0x00007fffc971b000 	C:\WINDOWS\System32\combase.dll
0x00007fffc8bb0000 - 0x00007fffc8c87000 	C:\WINDOWS\System32\OLEAUT32.dll
0x00007fffa44b0000 - 0x00007fffa44ec000 	C:\WINDOWS\SYSTEM32\dbgcore.DLL
0x00007fffc7e20000 - 0x00007fffc7ec5000 	C:\WINDOWS\System32\bcryptPrimitives.dll
0x00007fffc4600000 - 0x00007fffc4610000 	C:\Users\HP\.jdks\ms-21.0.9\bin\instrument.dll
0x00007fffc2180000 - 0x00007fffc21a1000 	C:\Users\HP\.jdks\ms-21.0.9\bin\java.dll
0x00007fffca140000 - 0x00007fffca88f000 	C:\WINDOWS\System32\SHELL32.dll
0x00007fffc84e0000 - 0x00007fffc864b000 	C:\WINDOWS\System32\wintypes.dll
0x00007fffc5630000 - 0x00007fffc5e8d000 	C:\WINDOWS\SYSTEM32\windows.storage.dll
0x00007fffc9b30000 - 0x00007fffc9c22000 	C:\WINDOWS\System32\SHCORE.dll
0x00007fffc9ef0000 - 0x00007fffc9f57000 	C:\WINDOWS\System32\shlwapi.dll
0x00007fffc7950000 - 0x00007fffc7979000 	C:\WINDOWS\SYSTEM32\profapi.dll
0x00007fff8e4a0000 - 0x00007fff8e576000 	C:\Users\HP\.jdks\ms-21.0.9\bin\jsvml.dll
0x00007fffc45e0000 - 0x00007fffc45f8000 	C:\Users\HP\.jdks\ms-21.0.9\bin\zip.dll
0x00007fffc22e0000 - 0x00007fffc22f1000 	C:\Users\HP\.jdks\ms-21.0.9\bin\net.dll
0x00007fffb5a30000 - 0x00007fffb5b58000 	C:\WINDOWS\SYSTEM32\WINHTTP.dll
0x00007fffc6d60000 - 0x00007fffc6dcb000 	C:\WINDOWS\system32\mswsock.dll
0x00007fffb9d60000 - 0x00007fffb9d76000 	C:\Users\HP\.jdks\ms-21.0.9\bin\nio.dll
0x00007fffb9d40000 - 0x00007fffb9d49000 	C:\Users\HP\.jdks\ms-21.0.9\bin\extnet.dll
0x00007fffb9d20000 - 0x00007fffb9d2e000 	C:\Users\HP\.jdks\ms-21.0.9\bin\sunmscapi.dll
0x00007fffc7a30000 - 0x00007fffc7ba7000 	C:\WINDOWS\System32\CRYPT32.dll
0x00007fffc7240000 - 0x00007fffc7270000 	C:\WINDOWS\SYSTEM32\ncrypt.dll
0x00007fffc71f0000 - 0x00007fffc722f000 	C:\WINDOWS\SYSTEM32\NTASN1.dll
0x00007fffc7020000 - 0x00007fffc703b000 	C:\WINDOWS\SYSTEM32\CRYPTSP.dll
0x00007fffc6750000 - 0x00007fffc678a000 	C:\WINDOWS\system32\rsaenh.dll
0x00007fffc6e10000 - 0x00007fffc6e3b000 	C:\WINDOWS\SYSTEM32\USERENV.dll
0x00007fffc7920000 - 0x00007fffc794a000 	C:\WINDOWS\SYSTEM32\bcrypt.dll
0x00007fffc7040000 - 0x00007fffc704c000 	C:\WINDOWS\SYSTEM32\CRYPTBASE.dll
0x00007fffc6210000 - 0x00007fffc6244000 	C:\WINDOWS\SYSTEM32\IPHLPAPI.DLL
0x00007fffc8680000 - 0x00007fffc868a000 	C:\WINDOWS\System32\NSI.dll
0x00007fffb9cb0000 - 0x00007fffb9cba000 	C:\Users\HP\.jdks\ms-21.0.9\bin\management.dll
0x00007fffb9610000 - 0x00007fffb961c000 	C:\Users\HP\.jdks\ms-21.0.9\bin\management_ext.dll
0x00007fffc9f60000 - 0x00007fffc9f68000 	C:\WINDOWS\System32\PSAPI.DLL
0x00007fffb9600000 - 0x00007fffb9610000 	C:\Users\HP\.jdks\ms-21.0.9\bin\verify.dll
0x00007fffc62d0000 - 0x00007fffc63fc000 	C:\WINDOWS\SYSTEM32\DNSAPI.dll
0x00007fffb4c60000 - 0x00007fffb4c6b000 	C:\Windows\System32\rasadhlp.dll
0x00007fffba4e0000 - 0x00007fffba566000 	C:\WINDOWS\System32\fwpuclnt.dll
0x00007fffb41c0000 - 0x00007fffb41c8000 	C:\WINDOWS\system32\wshunix.dll

JVMTI agents:
C:\Program Files\JetBrains\IntelliJ IDEA 2025.2.4\lib\idea_rt.jar path:C:\Users\HP\.jdks\ms-21.0.9\bin\instrument.dll, loaded, initialized, instrumentlib options:62788

dbghelp: loaded successfully - version: 4.0.5 - missing functions: none
symbol engine: initialized successfully - sym options: 0x614 - pdb path: .;C:\Users\HP\.jdks\ms-21.0.9\bin;C:\WINDOWS\SYSTEM32;C:\WINDOWS\WinSxS\amd64_microsoft.windows.common-controls_6595b64144ccf1df_6.0.26100.7019_none_3e06ffa0e335b8a8;C:\Users\HP\.jdks\ms-21.0.9\bin\server

VM Arguments:
jvm_args: -javaagent:C:\Program Files\JetBrains\IntelliJ IDEA 2025.2.4\lib\idea_rt.jar=62788 -Dfile.encoding=UTF-8 -Dsun.stdout.encoding=UTF-8 -Dsun.stderr.encoding=UTF-8 
java_command: com.myways.automatedtestexecutionframework.AutomatedTestExecutionApplication
java_class_path (initial): C:\Users\HP\Downloads\automated-regression-framework\target\classes;C:\Users\HP\.m2\repository\org\springframework\boot\spring-boot-starter-web\3.3.4\spring-boot-starter-web-3.3.4.jar;C:\Users\HP\.m2\repository\org\springframework\boot\spring-boot-starter\3.3.4\spring-boot-starter-3.3.4.jar;C:\Users\HP\.m2\repository\org\springframework\boot\spring-boot\3.3.4\spring-boot-3.3.4.jar;C:\Users\HP\.m2\repository\org\springframework\boot\spring-boot-autoconfigure\3.3.4\spring-boot-autoconfigure-3.3.4.jar;C:\Users\HP\.m2\repository\org\springframework\boot\spring-boot-starter-logging\3.3.4\spring-boot-starter-logging-3.3.4.jar;C:\Users\HP\.m2\repository\ch\qos\logback\logback-classic\1.5.8\logback-classic-1.5.8.jar;C:\Users\HP\.m2\repository\ch\qos\logback\logback-core\1.5.8\logback-core-1.5.8.jar;C:\Users\HP\.m2\repository\org\apache\logging\log4j\log4j-to-slf4j\2.23.1\log4j-to-slf4j-2.23.1.jar;C:\Users\HP\.m2\repository\org\apache\logging\log4j\log4j-api\2.23.1\log4j-api-2.23.1.jar;C:\Users\HP\.m2\repository\org\slf4j\jul-to-slf4j\2.0.16\jul-to-slf4j-2.0.16.jar;C:\Users\HP\.m2\repository\jakarta\annotation\jakarta.annotation-api\2.1.1\jakarta.annotation-api-2.1.1.jar;C:\Users\HP\.m2\repository\org\springframework\spring-core\6.1.13\spring-core-6.1.13.jar;C:\Users\HP\.m2\repository\org\springframework\spring-jcl\6.1.13\spring-jcl-6.1.13.jar;C:\Users\HP\.m2\repository\org\yaml\snakeyaml\2.2\snakeyaml-2.2.jar;C:\Users\HP\.m2\repository\org\springframework\boot\spring-boot-starter-json\3.3.4\spring-boot-starter-json-3.3.4.jar;C:\Users\HP\.m2\repository\com\fasterxml\jackson\core\jackson-databind\2.17.2\jackson-databind-2.17.2.jar;C:\Users\HP\.m2\repository\com\fasterxml\jackson\core\jackson-annotations\2.17.2\jackson-annotations-2.17.2.jar;C:\Users\HP\.m2\repository\com\fasterxml\jackson\core\jackson-core\2.17.2\jackson-core-2.17.2.jar;C:\Users\HP\.m2\repository\com\fasterxml\jackson\datatype\jackson-datatype-jdk8\2.17.2\jackson-datatype-jdk8-2.17.2.jar;C:\Users\HP\.m2\repository\com\fasterxml\jackson\datatype\jackson-datatype-jsr310\2.17.2\jackson-datatype-jsr310-2.17.2.jar;C:\Users\HP\.m2\repository\com\fasterxml\jackson\module\jackson-module-parameter-names\2.17.2\jackson-module-parameter-names-2.17.2.jar;C:\Users\HP\.m2\repository\org\springframework\boot\spring-boot-starter-tomcat\3.3.4\spring-boot-starter-tomcat-3.3.4.jar;C:\Users\HP\.m2\repository\org\apache\tomcat\embed\tomcat-embed-core\10.1.30\tomcat-embed-core-10.1.30.jar;C:\Users\HP\.m2\repository\org\apache\tomcat\embed\tomcat-embed-el\10.1.30\tomcat-embed-el-10.1.30.jar;C:\Users\HP\.m2\repository\org\apache\tomcat\embed\tomcat-embed-websocket\10.1.30\tomcat-embed-websocket-10.1.30.jar;C:\Users\HP\.m2\repository\org\springframework\spring-web\6.1.13\spring-web-6.1.13.jar;C:\Users\HP\.m2\repository\org\springframework\spring-beans\6.1.13\spring-beans-6.1.13.jar;C:\Users\HP\.m2\repository\io\micrometer\micrometer-observation\1.13.4\micrometer-observation-1.13.4.jar;C:\Users\HP\.m2\repository\io\micrometer\micrometer-commons\1.13.4\micrometer-commons-1.13.4.jar;C:\Users\HP\.m2\repository\org\springframework\spring-webmvc\6.1.13\spring-webmvc-6.1.13.jar;C:\Users\HP\.m2\repository\org\springframework\spring-aop\6.1.13\spring-aop-6.1.13.jar;C:\Users\HP\.m2\repository\org\springframework\spring-context\6.1.13\spring-context-6.1.13.jar;C:\Users\HP\.m2\repository\org\springframework\spring-expression\6.1.13\spring-expression-6.1.13.jar;C:\Users\HP\.m2\repository\org\springframework\boot\spring-boot-starter-data-jpa\3.3.4\spring-boot-starter-data-jpa-3.3.4.jar;C:\Users\HP\.m2\repository\org\springframework\boot\spring-boot-starter-aop\3.3.4\spring-boot-starter-aop-3.3.4.jar;C:\Users\HP\.m2\repository\org\aspectj\aspectjweaver\1.9.22.1\aspectjweaver-1.9.22.1.jar;C:\Users\HP\.m2\repository\org\springframework\boot\spring-boot-starter-jdbc\3.3.4\spring-boot-starter-jdbc-3.3.4.jar;C:\Users\HP\.m2\repository\com\zaxxer\HikariCP\5.1.0\HikariCP-5.1.0.jar;C:\Users\HP\.m2\repository\org\springframework\spring-jdbc\6.1.13\spring-jdbc-6.1.13.jar;C:\Users\HP\.m2\repository\org\hibernate\orm\hibernate-core\6.5.3.Final\hibernate-core-6.5.3.Final.jar;C:\Users\HP\.m2\repository\jakarta\persistence\jakarta.persistence-api\3.1.0\jakarta.persistence-api-3.1.0.jar;C:\Users\HP\.m2\repository\jakarta\transaction\jakarta.transaction-api\2.0.1\jakarta.transaction-api-2.0.1.jar;C:\Users\HP\.m2\repository\org\jboss\logging\jboss-logging\3.5.3.Final\jboss-logging-3.5.3.Final.jar;C:\Users\HP\.m2\repository\org\hibernate\common\hibernate-commons-annotations\6.0.6.Final\hibernate-commons-annotations-6.0.6.Final.jar;C:\Users\HP\.m2\repository\io\smallrye\jandex\3.1.2\jandex-3.1.2.jar;C:\Users\HP\.m2\repository\com\fasterxml\classmate\1.7.0\classmate-1.7.0.jar;C:\Users\HP\.m2\repository\net\bytebuddy\byte-buddy\1.14.19\byte-buddy-1.14.19.jar;C:\Users\HP\.m2\repository\jakarta\xml\bind\jakarta.xml.bind-api\4.0.2\jakarta.xml.bind-api-4.0.2.jar;C:\Users\HP\.m2\repository\org\glassfish\jaxb\jaxb-runtime\4.0.5\jaxb-runtime-4.0.5.jar;C:\Users\HP\.m2\repository\org\glassfish\jaxb\jaxb-core\4.0.5\jaxb-core-4.0.5.jar;C:\Users\HP\.m2\repository\org\glassfish\jaxb\txw2\4.0.5\txw2-4.0.5.jar;C:\Users\HP\.m2\repository\com\sun\istack\istack-commons-runtime\4.1.2\istack-commons-runtime-4.1.2.jar;C:\Users\HP\.m2\repository\jakarta\inject\jakarta.inject-api\2.0.1\jakarta.inject-api-2.0.1.jar;C:\Users\HP\.m2\repository\org\antlr\antlr4-runtime\4.13.0\antlr4-runtime-4.13.0.jar;C:\Users\HP\.m2\repository\org\springframework\data\spring-data-jpa\3.3.4\spring-data-jpa-3.3.4.jar;C:\Users\HP\.m2\repository\org\springframework\data\spring-data-commons\3.3.4\spring-data-commons-3.3.4.jar;C:\Users\HP\.m2\repository\org\springframework\spring-orm\6.1.13\spring-orm-6.1.13.jar;C:\Users\HP\.m2\repository\org\springframework\spring-tx\6.1.13\spring-tx-6.1.13.jar;C:\Users\HP\.m2\repository\org\springframework\spring-aspects\6.1.13\spring-aspects-6.1.13.jar;C:\Users\HP\.m2\repository\com\mysql\mysql-connector-j\9.3.0\mysql-connector-j-9.3.0.jar;C:\Users\HP\.m2\repository\io\rest-assured\rest-assured\5.3.0\rest-assured-5.3.0.jar;C:\Users\HP\.m2\repository\org\apache\groovy\groovy\4.0.23\groovy-4.0.23.jar;C:\Users\HP\.m2\repository\org\apache\groovy\groovy-xml\4.0.23\groovy-xml-4.0.23.jar;C:\Users\HP\.m2\repository\org\apache\httpcomponents\httpclient\4.5.13\httpclient-4.5.13.jar;C:\Users\HP\.m2\repository\org\apache\httpcomponents\httpcore\4.4.16\httpcore-4.4.16.jar;C:\Users\HP\.m2\repository\commons-logging\commons-logging\1.2\commons-logging-1.2.jar;C:\Users\HP\.m2\repository\commons-codec\commons-codec\1.16.1\commons-codec-1.16.1.jar;C:\Users\HP\.m2\repository\org\apache\httpcomponents\httpmime\4.5.13\httpmime-4.5.13.jar;C:\Users\HP\.m2\repository\org\hamcrest\hamcrest\2.2\hamcrest-2.2.jar;C:\Users\HP\.m2\repository\org\ccil\cowan\tagsoup\tagsoup\1.2.1\tagsoup-1.2.1.jar;C:\Users\HP\.m2\repository\io\rest-assured\json-path\5.4.0\json-path-5.4.0.jar;C:\Users\HP\.m2\repository\org\apache\groovy\groovy-json\4.0.23\groovy-json-4.0.23.jar;C:\Users\HP\.m2\repository\io\rest-assured\rest-assured-common\5.4.0\rest-assured-common-5.4.0.jar;C:\Users\HP\.m2\repository\io\rest-assured\xml-path\5.4.0\xml-path-5.4.0.jar;C:\Users\HP\.m2\repository\org\springframework\boot\spring-boot-starter-mail\3.3.4\spring-boot-starter-mail-3.3.4.jar;C:\Users\HP\.m2\repository\org\springframework\spring-context-support\6.1.13\spring-context-support-6.1.13.jar;C:\Users\HP\.m2\repository\org\eclipse\angus\jakarta.mail\2.0.3\jakarta.mail-2.0.3.jar;C:\Users\HP\.m2\repository\jakarta\activation\jakarta.activation-api\2.1.3\jakarta.activation-api-2.1.3.jar;C:\Users\HP\.m2\repository\org\eclipse\angus\angus-activation\2.0.2\angus-activation-2.0.2.jar;C:\Users\HP\.m2\repository\org\seleniumhq\selenium\selenium-java\4.11.0\selenium-java-4.11.0.jar;C:\Users\HP\.m2\repository\org\seleniumhq\selenium\selenium-api\4.19.1\selenium-api-4.19.1.jar;C:\Users\HP\.m2\repository\org\seleniumhq\selenium\selenium-chrome-driver\4.19.1\selenium-chrome-driver-4.19.1.jar;C:\Users\HP\.m2\repository\com\google\auto\service\auto-service-annotations\1.1.1\auto-service-annotations-1.1.1.jar;C:\Users\HP\.m2\repository\org\seleniumhq\selenium\selenium-chromium-driver\4.19.1\selenium-chromium-driver-4.19.1.jar;C:\Users\HP\.m2\repository\org\seleniumhq\selenium\selenium-json\4.19.1\selenium-json-4.19.1.jar;C:\Users\HP\.m2\repository\org\seleniumhq\selenium\selenium-manager\4.19.1\selenium-manager-4.19.1.jar;C:\Users\HP\.m2\repository\org\seleniumhq\selenium\selenium-devtools-v113\4.11.0\selenium-devtools-v113-4.11.0.jar;C:\Users\HP\.m2\repository\com\google\guava\guava\31.1-jre\guava-31.1-jre.jar;C:\Users\HP\.m2\repository\com\google\guava\failureaccess\1.0.1\failureaccess-1.0.1.jar;C:\Users\HP\.m2\repository\com\google\guava\listenablefuture\9999.0-empty-to-avoid-conflict-with-guava\listenablefuture-9999.0-empty-to-avoid-conflict-with-guava.jar;C:\Users\HP\.m2\repository\com\google\code\findbugs\jsr305\3.0.2\jsr305-3.0.2.jar;C:\Users\HP\.m2\repository\org\checkerframework\checker-qual\3.12.0\checker-qual-3.12.0.jar;C:\Users\HP\.m2\repository\com\google\errorprone\error_prone_annotations\2.11.0\error_prone_annotations-2.11.0.jar;C:\Users\HP\.m2\repository\com\google\j2objc\j2objc-annotations\1.3\j2objc-annotations-1.3.jar;C:\Users\HP\.m2\repository\org\seleniumhq\selenium\selenium-devtools-v114\4.11.0\selenium-devtools-v114-4.11.0.jar;C:\Users\HP\.m2\repository\org\seleniumhq\selenium\selenium-devtools-v115\4.11.0\selenium-devtools-v115-4.11.0.jar;C:\Users\HP\.m2\repository\org\seleniumhq\selenium\selenium-devtools-v85\4.19.1\selenium-devtools-v85-4.19.1.jar;C:\Users\HP\.m2\repository\org\seleniumhq\selenium\selenium-edge-driver\4.19.1\selenium-edge-driver-4.19.1.jar;C:\Users\HP\.m2\repository\org\seleniumhq\selenium\selenium-firefox-driver\4.19.1\selenium-firefox-driver-4.19.1.jar;C:\Users\HP\.m2\repository\org\seleniumhq\selenium\selenium-http\4.19.1\selenium-http-4.19.1.jar;C:\Users\HP\.m2\repository\dev\failsafe\failsafe\3.3.2\failsafe-3.3.2.jar;C:\Users\HP\.m2\repository\org\seleniumhq\selenium\selenium-ie-driver\4.19.1\selenium-ie-driver-4.19.1.jar;C:\Users\HP\.m2\repository\org\seleniumhq\selenium\selenium-remote-driver\4.19.1\selenium-remote-driver-4.19.1.jar;C:\Users\HP\.m2\repository\io\opentelemetry\semconv\opentelemetry-semconv\1.23.1-alpha\opentelemetry-semconv-1.23.1-alpha.jar;C:\Users\HP\.m2\repository\io\opentelemetry\opentelemetry-api\1.37.0\opentelemetry-api-1.37.0.jar;C:\Users\HP\.m2\repository\io\opentelemetry\opentelemetry-context\1.37.0\opentelemetry-context-1.37.0.jar;C:\Users\HP\.m2\repository\io\opentelemetry\opentelemetry-exporter-logging\1.37.0\opentelemetry-exporter-logging-1.37.0.jar;C:\Users\HP\.m2\repository\io\opentelemetry\opentelemetry-sdk-common\1.37.0\opentelemetry-sdk-common-1.37.0.jar;C:\Users\HP\.m2\repository\io\opentelemetry\opentelemetry-sdk-extension-autoconfigure-spi\1.37.0\opentelemetry-sdk-extension-autoconfigure-spi-1.37.0.jar;C:\Users\HP\.m2\repository\io\opentelemetry\opentelemetry-sdk-extension-autoconfigure\1.37.0\opentelemetry-sdk-extension-autoconfigure-1.37.0.jar;C:\Users\HP\.m2\repository\io\opentelemetry\opentelemetry-api-incubator\1.37.0-alpha\opentelemetry-api-incubator-1.37.0-alpha.jar;C:\Users\HP\.m2\repository\io\opentelemetry\opentelemetry-sdk-trace\1.37.0\opentelemetry-sdk-trace-1.37.0.jar;C:\Users\HP\.m2\repository\io\opentelemetry\opentelemetry-sdk\1.37.0\opentelemetry-sdk-1.37.0.jar;C:\Users\HP\.m2\repository\io\opentelemetry\opentelemetry-sdk-metrics\1.37.0\opentelemetry-sdk-metrics-1.37.0.jar;C:\Users\HP\.m2\repository\io\opentelemetry\opentelemetry-sdk-logs\1.37.0\opentelemetry-sdk-logs-1.37.0.jar;C:\Users\HP\.m2\repository\org\seleniumhq\selenium\selenium-os\4.19.1\selenium-os-4.19.1.jar;C:\Users\HP\.m2\repository\org\apache\commons\commons-exec\1.3\commons-exec-1.3.jar;C:\Users\HP\.m2\repository\org\seleniumhq\selenium\selenium-safari-driver\4.19.1\selenium-safari-driver-4.19.1.jar;C:\Users\HP\.m2\repository\org\seleniumhq\selenium\selenium-support\4.19.1\selenium-support-4.19.1.jar;C:\Users\HP\.m2\repository\io\github\bonigarcia\webdrivermanager\5.8.0\webdrivermanager-5.8.0.jar;C:\Users\HP\.m2\repository\org\slf4j\slf4j-api\2.0.16\slf4j-api-2.0.16.jar;C:\Users\HP\.m2\repository\com\google\code\gson\gson\2.10.1\gson-2.10.1.jar;C:\Users\HP\.m2\repository\com\github\docker-java\docker-java\3.3.6\docker-java-3.3.6.jar;C:\Users\HP\.m2\repository\com\github\docker-java\docker-java-transport-httpclient5\3.3.6\docker-java-transport-httpclient5-3.3.6.jar;C:\Users\HP\.m2\repository\com\github\docker-java\docker-java-transport\3.3.6\docker-java-transport-3.3.6.jar;C:\Users\HP\.m2\repository\net\java\dev\jna\jna\5.13.0\jna-5.13.0.jar;C:\Users\HP\.m2\repository\org\brotli\dec\0.1.2\dec-0.1.2.jar;C:\Users\HP\.m2\repository\org\apache\commons\commons-lang3\3.14.0\commons-lang3-3.14.0.jar;C:\Users\HP\.m2\repository\org\apache\commons\commons-compress\1.26.1\commons-compress-1.26.1.jar;C:\Users\HP\.m2\repository\commons-io\commons-io\2.15.1\commons-io-2.15.1.jar;C:\Users\HP\.m2\repository\org\apache\httpcomponents\client5\httpclient5\5.3.1\httpclient5-5.3.1.jar;C:\Users\HP\.m2\repository\org\apache\httpcomponents\core5\httpcore5\5.2.5\httpcore5-5.2.5.jar;C:\Users\HP\.m2\repository\org\apache\httpcomponents\core5\httpcore5-h2\5.2.5\httpcore5-h2-5.2.5.jar;C:\Users\HP\.m2\repository\org\projectlombok\lombok\1.18.34\lombok-1.18.34.jar
Launcher Type: SUN_STANDARD

[Global flags]
     intx CICompilerCount                          = 3                                         {product} {ergonomic}
     uint ConcGCThreads                            = 1                                         {product} {ergonomic}
     uint G1ConcRefinementThreads                  = 4                                         {product} {ergonomic}
   size_t G1HeapRegionSize                         = 1048576                                   {product} {ergonomic}
    uintx GCDrainStackTargetSize                   = 64                                        {product} {ergonomic}
   size_t InitialHeapSize                          = 130023424                                 {product} {ergonomic}
   size_t MarkStackSize                            = 4194304                                   {product} {ergonomic}
   size_t MaxHeapSize                              = 2055208960                                {product} {ergonomic}
   size_t MaxNewSize                               = 1233125376                                {product} {ergonomic}
   size_t MinHeapDeltaBytes                        = 1048576                                   {product} {ergonomic}
   size_t MinHeapSize                              = 8388608                                   {product} {ergonomic}
    uintx NonNMethodCodeHeapSize                   = 5832780                                {pd product} {ergonomic}
    uintx NonProfiledCodeHeapSize                  = 122912730                              {pd product} {ergonomic}
    uintx ProfiledCodeHeapSize                     = 122912730                              {pd product} {ergonomic}
    uintx ReservedCodeCacheSize                    = 251658240                              {pd product} {ergonomic}
     bool SegmentedCodeCache                       = true                                      {product} {ergonomic}
   size_t SoftMaxHeapSize                          = 2055208960                             {manageable} {ergonomic}
     bool UseCompressedOops                        = true                           {product lp64_product} {ergonomic}
     bool UseG1GC                                  = true                                      {product} {ergonomic}
     bool UseLargePagesIndividualAllocation        = false                                  {pd product} {ergonomic}

Logging:
Log output configuration:
 #0: stdout all=warning uptime,level,tags foldmultilines=false
 #1: stderr all=off uptime,level,tags foldmultilines=false

Release file:
IMPLEMENTOR="Microsoft" 
IMPLEMENTOR_VERSION="Microsoft-12574459" 
JAVA_RUNTIME_VERSION="21.0.9+10-LTS" 
JAVA_VERSION="21.0.9" 
JAVA_VERSION_DATE="2025-10-21" 
LIBC="default" 
MODULES="java.base java.compiler java.datatransfer java.xml java.prefs java.desktop java.instrument java.logging java.management java.security.sasl java.naming java.rmi java.management.rmi java.net.http java.scripting java.security.jgss java.transaction.xa java.sql java.sql.rowset java.xml.crypto java.se java.smartcardio jdk.accessibility jdk.internal.jvmstat jdk.attach jdk.charsets jdk.internal.opt jdk.zipfs jdk.compiler jdk.crypto.ec jdk.crypto.cryptoki jdk.crypto.mscapi jdk.dynalink jdk.internal.ed jdk.editpad jdk.hotspot.agent jdk.httpserver jdk.incubator.vector jdk.internal.le jdk.internal.vm.ci jdk.internal.vm.compiler jdk.internal.vm.compiler.management jdk.jartool jdk.javadoc jdk.jcmd jdk.management jdk.management.agent jdk.jconsole jdk.jdeps jdk.jdwp.agent jdk.jdi jdk.jfr jdk.jlink jdk.jpackage jdk.jshell jdk.jsobject jdk.jstatd jdk.localedata jdk.management.jfr jdk.naming.dns jdk.naming.rmi jdk.net jdk.nio.mapmode jdk.random jdk.sctp jdk.security.auth jdk.security.jgss jdk.unsupported jdk.unsupported.desktop jdk.xml.dom" 
OS_ARCH="x86_64" 
OS_NAME="Windows" 
SOURCE=".:git:e0bc49609000" 

Environment Variables:
JAVA_HOME=C:\Program Files\Microsoft\jdk-11.0.20.8-hotspot\
PATH=C:\Program Files\Common Files\Oracle\Java\javapath;C:\Program Files\Microsoft\jdk-11.0.20.8-hotspot\bin;C:\Program Files\nodejs;C:\Users\HP\AppData\Roaming\npm\node_modules\npm;C:\Windows\System32\wbem;C:\ProgramData\chocolatey\bin;C:\Program Files\MySQL\MySQL Server 5.5\bin;C:\Program Files\Git\cmd;C:\Program Files\MongoDB\mongosh-2.2.5-win32-x64\bin;C:\WINDOWS\system32;C:\WINDOWS;C:\WINDOWS\System32\Wbem;C:\WINDOWS\System32\WindowsPowerShell\v1.0\;C:\WINDOWS\System32\OpenSSH\;C:\Program Files\nodejs\;C:\Users\HP\Downloads\apache-maven-3.9.11-bin\apache-maven-3.9.11\bin;C:\Program Files\Common Files\Oracle\Java\javapath;C:\Program Files\nodejs;C:\Users\HP\AppData\Roaming\npm\node_modules\npm;C:\Windows\System32\wbem;C:\ProgramData\chocolatey\bin;C:\Program Files\MySQL\MySQL Server 5.5\bin;C:\Program Files\Git\cmd;C:\Program Files\MongoDB\mongosh-2.2.5-win32-x64\bin;C:\Program Files\nodejs\;C:\Program Files\Git\bin;C:\Users\HP\AppData\Local\Programs\Microsoft VS Code\bin;C:\Users\HP\AppData\Local\Android\Sdk\platform-tools;C:\Users\HP\.local\share\gem\ruby\3.2.0;C:\Users\HP\.deno\bin;C:\Users\HP\.deno\deno-windows.exe;C:\ProgramData\chocolatey\lib\deno;C:\Users\HP\AppData\Local\Microsoft\WindowsApps;C:\Users\HP\AppData\Roaming\npm
USERNAME=HP
OS=Windows_NT
PROCESSOR_IDENTIFIER=Intel64 Family 6 Model 140 Stepping 2, GenuineIntel
TMP=C:\Users\HP\AppData\Local\Temp
TEMP=C:\Users\HP\AppData\Local\Temp




Periodic native trim disabled

---------------  S Y S T E M  ---------------

OS:
 Windows 11 , 64 bit Build 26100 (10.0.26100.7019)
OS uptime: 9 days 22:56 hours
Hyper-V role detected

CPU: total 4 (initial active 4) (2 cores per cpu, 2 threads per core) family 6 model 140 stepping 2 microcode 0x34, cx8, cmov, fxsr, ht, mmx, 3dnowpref, sse, sse2, sse3, ssse3, sse4.1, sse4.2, popcnt, lzcnt, tsc, tscinvbit, avx, avx2, aes, erms, clmul, bmi1, bmi2, adx, avx512f, avx512dq, avx512cd, avx512bw, avx512vl, sha, fma, vzeroupper, avx512_vpopcntdq, avx512_vpclmulqdq, avx512_vaes, avx512_vnni, clflush, clflushopt, clwb, avx512_vbmi2, avx512_vbmi, hv, rdtscp, rdpid, fsrm, gfni, avx512_bitalg, f16c, cet_ibt, cet_ss, avx512_ifma
Processor Information for the first 4 processors :
  Max Mhz: 2901, Current Mhz: 2901, Mhz Limit: 2901

Memory: 4k page, system-wide physical 7835M (255M free)
TotalPageFile size 31387M (AvailPageFile size 0M)
current process WorkingSet (physical memory assigned to process): 135M, peak: 271M
current process commit charge ("private bytes"): 337M, peak: 337M

vm_info: OpenJDK 64-Bit Server VM (21.0.9+10-LTS) for windows-amd64 JRE (21.0.9+10-LTS), built on 2025-10-13T22:04:36Z by "MicrosoftCorporation" with unknown MS VC++:1944

END.
